Analysis & Synthesis report for MCU
Wed Aug 28 20:35:53 2024
Quartus Prime Version 21.1.0 Build 842 10/21/2021 SJ Lite Edition


---------------------
; Table of Contents ;
---------------------
  1. Legal Notice
  2. Analysis & Synthesis Summary
  3. Analysis & Synthesis Settings
  4. Parallel Compilation
  5. Analysis & Synthesis Messages



----------------
; Legal Notice ;
----------------
Copyright (C) 2021  Intel Corporation. All rights reserved.
Your use of Intel Corporation's design tools, logic functions 
and other software and tools, and any partner logic 
functions, and any output files from any of the foregoing 
(including device programming or simulation files), and any 
associated documentation or information are expressly subject 
to the terms and conditions of the Intel Program License 
Subscription Agreement, the Intel Quartus Prime License Agreement,
the Intel FPGA IP License Agreement, or other applicable license
agreement, including, without limitation, that your use is for
the sole purpose of programming logic devices manufactured by
Intel and sold by Intel or its authorized distributors.  Please
refer to the applicable agreement for further details, at
https://fpgasoftware.intel.com/eula.



+---------------------------------------------------------------------------+
; Analysis & Synthesis Summary                                              ;
+-----------------------------+---------------------------------------------+
; Analysis & Synthesis Status ; Failed - Wed Aug 28 20:35:53 2024           ;
; Quartus Prime Version       ; 21.1.0 Build 842 10/21/2021 SJ Lite Edition ;
; Revision Name               ; MCU                                         ;
; Top-level Entity Name       ; MCU_top                                     ;
; Family                      ; Cyclone V                                   ;
; Logic utilization (in ALMs) ; N/A until Partition Merge                   ;
; Total registers             ; N/A until Partition Merge                   ;
; Total pins                  ; N/A until Partition Merge                   ;
; Total virtual pins          ; N/A until Partition Merge                   ;
; Total block memory bits     ; N/A until Partition Merge                   ;
; Total PLLs                  ; N/A until Partition Merge                   ;
; Total DLLs                  ; N/A until Partition Merge                   ;
+-----------------------------+---------------------------------------------+


+---------------------------------------------------------------------------------------------------------------------------+
; Analysis & Synthesis Settings                                                                                             ;
+---------------------------------------------------------------------------------+--------------------+--------------------+
; Option                                                                          ; Setting            ; Default Value      ;
+---------------------------------------------------------------------------------+--------------------+--------------------+
; Device                                                                          ; 5CSXFC6D6F31C6     ;                    ;
; Top-level entity name                                                           ; MCU_top            ; MCU                ;
; Family name                                                                     ; Cyclone V          ; Cyclone V          ;
; Use smart compilation                                                           ; Off                ; Off                ;
; Enable parallel Assembler and Timing Analyzer during compilation                ; On                 ; On                 ;
; Enable compact report table                                                     ; Off                ; Off                ;
; Restructure Multiplexers                                                        ; Auto               ; Auto               ;
; MLAB Add Timing Constraints For Mixed-Port Feed-Through Mode Setting Don't Care ; Off                ; Off                ;
; Create Debugging Nodes for IP Cores                                             ; Off                ; Off                ;
; Preserve fewer node names                                                       ; On                 ; On                 ;
; Intel FPGA IP Evaluation Mode                                                   ; Enable             ; Enable             ;
; Verilog Version                                                                 ; Verilog_2001       ; Verilog_2001       ;
; VHDL Version                                                                    ; VHDL_1993          ; VHDL_1993          ;
; State Machine Processing                                                        ; Auto               ; Auto               ;
; Safe State Machine                                                              ; Off                ; Off                ;
; Extract Verilog State Machines                                                  ; On                 ; On                 ;
; Extract VHDL State Machines                                                     ; On                 ; On                 ;
; Ignore Verilog initial constructs                                               ; Off                ; Off                ;
; Iteration limit for constant Verilog loops                                      ; 5000               ; 5000               ;
; Iteration limit for non-constant Verilog loops                                  ; 250                ; 250                ;
; Add Pass-Through Logic to Inferred RAMs                                         ; On                 ; On                 ;
; Infer RAMs from Raw Logic                                                       ; On                 ; On                 ;
; Parallel Synthesis                                                              ; On                 ; On                 ;
; DSP Block Balancing                                                             ; Auto               ; Auto               ;
; NOT Gate Push-Back                                                              ; On                 ; On                 ;
; Power-Up Don't Care                                                             ; On                 ; On                 ;
; Remove Redundant Logic Cells                                                    ; Off                ; Off                ;
; Remove Duplicate Registers                                                      ; On                 ; On                 ;
; Ignore CARRY Buffers                                                            ; Off                ; Off                ;
; Ignore CASCADE Buffers                                                          ; Off                ; Off                ;
; Ignore GLOBAL Buffers                                                           ; Off                ; Off                ;
; Ignore ROW GLOBAL Buffers                                                       ; Off                ; Off                ;
; Ignore LCELL Buffers                                                            ; Off                ; Off                ;
; Ignore SOFT Buffers                                                             ; On                 ; On                 ;
; Limit AHDL Integers to 32 Bits                                                  ; Off                ; Off                ;
; Optimization Technique                                                          ; Balanced           ; Balanced           ;
; Carry Chain Length                                                              ; 70                 ; 70                 ;
; Auto Carry Chains                                                               ; On                 ; On                 ;
; Auto Open-Drain Pins                                                            ; On                 ; On                 ;
; Perform WYSIWYG Primitive Resynthesis                                           ; Off                ; Off                ;
; Auto ROM Replacement                                                            ; On                 ; On                 ;
; Auto RAM Replacement                                                            ; On                 ; On                 ;
; Auto DSP Block Replacement                                                      ; On                 ; On                 ;
; Auto Shift Register Replacement                                                 ; Auto               ; Auto               ;
; Allow Shift Register Merging across Hierarchies                                 ; Auto               ; Auto               ;
; Auto Clock Enable Replacement                                                   ; On                 ; On                 ;
; Strict RAM Replacement                                                          ; Off                ; Off                ;
; Allow Synchronous Control Signals                                               ; On                 ; On                 ;
; Force Use of Synchronous Clear Signals                                          ; Off                ; Off                ;
; Auto Resource Sharing                                                           ; Off                ; Off                ;
; Allow Any RAM Size For Recognition                                              ; Off                ; Off                ;
; Allow Any ROM Size For Recognition                                              ; Off                ; Off                ;
; Allow Any Shift Register Size For Recognition                                   ; Off                ; Off                ;
; Use LogicLock Constraints during Resource Balancing                             ; On                 ; On                 ;
; Ignore translate_off and synthesis_off directives                               ; Off                ; Off                ;
; Timing-Driven Synthesis                                                         ; On                 ; On                 ;
; Report Parameter Settings                                                       ; On                 ; On                 ;
; Report Source Assignments                                                       ; On                 ; On                 ;
; Report Connectivity Checks                                                      ; On                 ; On                 ;
; Ignore Maximum Fan-Out Assignments                                              ; Off                ; Off                ;
; Synchronization Register Chain Length                                           ; 3                  ; 3                  ;
; Power Optimization During Synthesis                                             ; Normal compilation ; Normal compilation ;
; HDL message level                                                               ; Level2             ; Level2             ;
; Suppress Register Optimization Related Messages                                 ; Off                ; Off                ;
; Number of Removed Registers Reported in Synthesis Report                        ; 5000               ; 5000               ;
; Number of Swept Nodes Reported in Synthesis Report                              ; 5000               ; 5000               ;
; Number of Inverted Registers Reported in Synthesis Report                       ; 100                ; 100                ;
; Clock MUX Protection                                                            ; On                 ; On                 ;
; Auto Gated Clock Conversion                                                     ; Off                ; Off                ;
; Block Design Naming                                                             ; Auto               ; Auto               ;
; SDC constraint protection                                                       ; Off                ; Off                ;
; Synthesis Effort                                                                ; Auto               ; Auto               ;
; Shift Register Replacement - Allow Asynchronous Clear Signal                    ; On                 ; On                 ;
; Pre-Mapping Resynthesis Optimization                                            ; Off                ; Off                ;
; Analysis & Synthesis Message Level                                              ; Medium             ; Medium             ;
; Disable Register Merging Across Hierarchies                                     ; Auto               ; Auto               ;
; Resource Aware Inference For Block RAM                                          ; On                 ; On                 ;
; Automatic Parallel Synthesis                                                    ; On                 ; On                 ;
; Partial Reconfiguration Bitstream ID                                            ; Off                ; Off                ;
+---------------------------------------------------------------------------------+--------------------+--------------------+


+------------------------------------------+
; Parallel Compilation                     ;
+----------------------------+-------------+
; Processors                 ; Number      ;
+----------------------------+-------------+
; Number detected on machine ; 8           ;
; Maximum allowed            ; 4           ;
;                            ;             ;
; Average used               ; 1.00        ;
; Maximum used               ; 1           ;
;                            ;             ;
; Usage by Processor         ; % Time Used ;
;     Processor 1            ; 100.0%      ;
+----------------------------+-------------+


+-------------------------------+
; Analysis & Synthesis Messages ;
+-------------------------------+
Info: *******************************************************************
Info: Running Quartus Prime Analysis & Synthesis
    Info: Version 21.1.0 Build 842 10/21/2021 SJ Lite Edition
    Info: Processing started: Wed Aug 28 20:35:38 2024
Info: Command: quartus_map --read_settings_files=on --write_settings_files=off MCU -c MCU
Warning (18236): Number of processors has not been specified which may cause overloading on shared machines.  Set the global assignment NUM_PARALLEL_PROCESSORS in your QSF to an appropriate value for best performance.
Info (20030): Parallel compilation is enabled and will use 4 of the 4 processors detected
Info (12021): Found 2 design units, including 1 entities, in source file /users/elado/desktop/vhdl_lab/cpuarchitecture-vhdl/project/dut/top/mcu.vhd
    Info (12022): Found design unit 1: mcu_top-dataflow File: C:/Users/elado/Desktop/vhdl_lab/CPUArchitecture-VHDL/Project/DUT/TOP/MCU.vhd Line: 17
    Info (12023): Found entity 1: mcu_top File: C:/Users/elado/Desktop/vhdl_lab/CPUArchitecture-VHDL/Project/DUT/TOP/MCU.vhd Line: 6
Info (12021): Found 2 design units, including 1 entities, in source file /users/elado/desktop/vhdl_lab/cpuarchitecture-vhdl/project/dut/aux_folder/shifter.vhd
    Info (12022): Found design unit 1: shifter-dataflow File: C:/Users/elado/Desktop/vhdl_lab/CPUArchitecture-VHDL/Project/DUT/AUX_FOLDER/Shifter.vhd Line: 16
    Info (12023): Found entity 1: shifter File: C:/Users/elado/Desktop/vhdl_lab/CPUArchitecture-VHDL/Project/DUT/AUX_FOLDER/Shifter.vhd Line: 5
Info (12021): Found 2 design units, including 1 entities, in source file /users/elado/desktop/vhdl_lab/cpuarchitecture-vhdl/project/dut/aux_folder/bidirpin.vhd
    Info (12022): Found design unit 1: BidirPin-comb File: C:/Users/elado/Desktop/vhdl_lab/CPUArchitecture-VHDL/Project/DUT/AUX_FOLDER/BidirPin.vhd Line: 13
    Info (12023): Found entity 1: BidirPin File: C:/Users/elado/Desktop/vhdl_lab/CPUArchitecture-VHDL/Project/DUT/AUX_FOLDER/BidirPin.vhd Line: 4
Info (12021): Found 1 design units, including 0 entities, in source file /users/elado/desktop/vhdl_lab/cpuarchitecture-vhdl/project/dut/aux_folder/aux_package.vhd
    Info (12022): Found design unit 1: aux_package File: C:/Users/elado/Desktop/vhdl_lab/CPUArchitecture-VHDL/Project/DUT/AUX_FOLDER/aux_package.vhd Line: 6
Info (12021): Found 2 design units, including 1 entities, in source file /users/elado/desktop/vhdl_lab/cpuarchitecture-vhdl/project/dut/divider/divenv.vhd
    Info (12022): Found design unit 1: div_env-dataflow File: C:/Users/elado/Desktop/vhdl_lab/CPUArchitecture-VHDL/Project/DUT/DIVIDER/divEnv.vhd Line: 13
    Info (12023): Found entity 1: div_env File: C:/Users/elado/Desktop/vhdl_lab/CPUArchitecture-VHDL/Project/DUT/DIVIDER/divEnv.vhd Line: 6
Info (12021): Found 2 design units, including 1 entities, in source file /users/elado/desktop/vhdl_lab/cpuarchitecture-vhdl/project/dut/divider/div.vhd
    Info (12022): Found design unit 1: DIV-dataflow File: C:/Users/elado/Desktop/vhdl_lab/CPUArchitecture-VHDL/Project/DUT/DIVIDER/div.vhd Line: 17
    Info (12023): Found entity 1: div File: C:/Users/elado/Desktop/vhdl_lab/CPUArchitecture-VHDL/Project/DUT/DIVIDER/div.vhd Line: 7
Info (12021): Found 2 design units, including 1 entities, in source file /users/elado/desktop/vhdl_lab/cpuarchitecture-vhdl/project/dut/gpio/sw.vhd
    Info (12022): Found design unit 1: sw_port-dataflow File: C:/Users/elado/Desktop/vhdl_lab/CPUArchitecture-VHDL/Project/DUT/GPIO/SW.vhd Line: 12
    Info (12023): Found entity 1: sw_port File: C:/Users/elado/Desktop/vhdl_lab/CPUArchitecture-VHDL/Project/DUT/GPIO/SW.vhd Line: 5
Info (12021): Found 2 design units, including 1 entities, in source file /users/elado/desktop/vhdl_lab/cpuarchitecture-vhdl/project/dut/gpio/ioaddrdecode.vhd
    Info (12022): Found design unit 1: addr_decoder-dataflow File: C:/Users/elado/Desktop/vhdl_lab/CPUArchitecture-VHDL/Project/DUT/GPIO/IOaddrDecode.vhd Line: 10
    Info (12023): Found entity 1: addr_decoder File: C:/Users/elado/Desktop/vhdl_lab/CPUArchitecture-VHDL/Project/DUT/GPIO/IOaddrDecode.vhd Line: 5
Info (12021): Found 2 design units, including 1 entities, in source file /users/elado/desktop/vhdl_lab/cpuarchitecture-vhdl/project/dut/gpio/hex_led.vhd
    Info (12022): Found design unit 1: hexled-dataflow File: C:/Users/elado/Desktop/vhdl_lab/CPUArchitecture-VHDL/Project/DUT/GPIO/HEX_LED.vhd Line: 12
    Info (12023): Found entity 1: hexled File: C:/Users/elado/Desktop/vhdl_lab/CPUArchitecture-VHDL/Project/DUT/GPIO/HEX_LED.vhd Line: 5
Info (12021): Found 2 design units, including 1 entities, in source file /users/elado/desktop/vhdl_lab/cpuarchitecture-vhdl/project/dut/gpio/gpioenv.vhd
    Info (12022): Found design unit 1: GPIO-dataflow File: C:/Users/elado/Desktop/vhdl_lab/CPUArchitecture-VHDL/Project/DUT/GPIO/GPIOenv.vhd Line: 14
    Info (12023): Found entity 1: GPIO File: C:/Users/elado/Desktop/vhdl_lab/CPUArchitecture-VHDL/Project/DUT/GPIO/GPIOenv.vhd Line: 5
Info (12021): Found 2 design units, including 1 entities, in source file /users/elado/desktop/vhdl_lab/cpuarchitecture-vhdl/project/dut/gpio/decode.vhd
    Info (12022): Found design unit 1: hexdecode-dataflow File: C:/Users/elado/Desktop/vhdl_lab/CPUArchitecture-VHDL/Project/DUT/GPIO/decode.vhd Line: 13
    Info (12023): Found entity 1: hexdecode File: C:/Users/elado/Desktop/vhdl_lab/CPUArchitecture-VHDL/Project/DUT/GPIO/decode.vhd Line: 6
Info (12021): Found 2 design units, including 1 entities, in source file /users/elado/desktop/vhdl_lab/cpuarchitecture-vhdl/project/dut/interrupt/intrseveralregs.vhd
    Info (12022): Found design unit 1: interrupt_reg_several-dataflow File: C:/Users/elado/Desktop/vhdl_lab/CPUArchitecture-VHDL/Project/DUT/INTERRUPT/INTRseveralregs.vhd Line: 15
    Info (12023): Found entity 1: interrupt_reg_several File: C:/Users/elado/Desktop/vhdl_lab/CPUArchitecture-VHDL/Project/DUT/INTERRUPT/INTRseveralregs.vhd Line: 7
Info (12021): Found 2 design units, including 1 entities, in source file /users/elado/desktop/vhdl_lab/cpuarchitecture-vhdl/project/dut/interrupt/intrreg.vhd
    Info (12022): Found design unit 1: interrupt_reg-dataflow File: C:/Users/elado/Desktop/vhdl_lab/CPUArchitecture-VHDL/Project/DUT/INTERRUPT/INTRreg.vhd Line: 13
    Info (12023): Found entity 1: interrupt_reg File: C:/Users/elado/Desktop/vhdl_lab/CPUArchitecture-VHDL/Project/DUT/INTERRUPT/INTRreg.vhd Line: 7
Info (12021): Found 2 design units, including 1 entities, in source file /users/elado/desktop/vhdl_lab/cpuarchitecture-vhdl/project/dut/interrupt/intrenv.vhd
    Info (12022): Found design unit 1: interrupt_env-dataflow File: C:/Users/elado/Desktop/vhdl_lab/CPUArchitecture-VHDL/Project/DUT/INTERRUPT/INTRenv.vhd Line: 18
    Info (12023): Found entity 1: interrupt_env File: C:/Users/elado/Desktop/vhdl_lab/CPUArchitecture-VHDL/Project/DUT/INTERRUPT/INTRenv.vhd Line: 7
Info (12021): Found 2 design units, including 1 entities, in source file /users/elado/desktop/vhdl_lab/cpuarchitecture-vhdl/project/dut/interrupt/intrcore.vhd
    Info (12022): Found design unit 1: interrupt_core-dataflow File: C:/Users/elado/Desktop/vhdl_lab/CPUArchitecture-VHDL/Project/DUT/INTERRUPT/INTRcore.vhd Line: 18
    Info (12023): Found entity 1: interrupt_core File: C:/Users/elado/Desktop/vhdl_lab/CPUArchitecture-VHDL/Project/DUT/INTERRUPT/INTRcore.vhd Line: 7
Info (12021): Found 2 design units, including 1 entities, in source file /users/elado/desktop/vhdl_lab/cpuarchitecture-vhdl/project/dut/timer/pwm.vhd
    Info (12022): Found design unit 1: pwm-dataflow File: C:/Users/elado/Desktop/vhdl_lab/CPUArchitecture-VHDL/Project/DUT/TIMER/PWM.vhd Line: 15
    Info (12023): Found entity 1: pwm File: C:/Users/elado/Desktop/vhdl_lab/CPUArchitecture-VHDL/Project/DUT/TIMER/PWM.vhd Line: 7
Info (12021): Found 2 design units, including 1 entities, in source file /users/elado/desktop/vhdl_lab/cpuarchitecture-vhdl/project/dut/timer/btimerenv.vhd
    Info (12022): Found design unit 1: BTimer_env-dataflow File: C:/Users/elado/Desktop/vhdl_lab/CPUArchitecture-VHDL/Project/DUT/TIMER/BTimerEnv.vhd Line: 14
    Info (12023): Found entity 1: BTimer_env File: C:/Users/elado/Desktop/vhdl_lab/CPUArchitecture-VHDL/Project/DUT/TIMER/BTimerEnv.vhd Line: 7
Info (12021): Found 2 design units, including 1 entities, in source file /users/elado/desktop/vhdl_lab/cpuarchitecture-vhdl/project/dut/timer/btimer.vhd
    Info (12022): Found design unit 1: BTimer-dataflow File: C:/Users/elado/Desktop/vhdl_lab/CPUArchitecture-VHDL/Project/DUT/TIMER/BTimer.vhd Line: 19
    Info (12023): Found entity 1: BTimer File: C:/Users/elado/Desktop/vhdl_lab/CPUArchitecture-VHDL/Project/DUT/TIMER/BTimer.vhd Line: 7
Info (12021): Found 2 design units, including 1 entities, in source file /users/elado/desktop/vhdl_lab/cpuarchitecture-vhdl/project/dut/mips/mipsintr.vhd
    Info (12022): Found design unit 1: mips_intr-dataflow File: C:/Users/elado/Desktop/vhdl_lab/CPUArchitecture-VHDL/Project/DUT/MIPS/MIPSintr.vhd Line: 19
    Info (12023): Found entity 1: mips_intr File: C:/Users/elado/Desktop/vhdl_lab/CPUArchitecture-VHDL/Project/DUT/MIPS/MIPSintr.vhd Line: 7
Info (12021): Found 2 design units, including 1 entities, in source file /users/elado/desktop/vhdl_lab/cpuarchitecture-vhdl/project/dut/mips/mipsfetch.vhd
    Info (12022): Found design unit 1: Ifetch-behavior File: C:/Users/elado/Desktop/vhdl_lab/CPUArchitecture-VHDL/Project/DUT/MIPS/MIPSfetch.vhd Line: 26
    Info (12023): Found entity 1: Ifetch File: C:/Users/elado/Desktop/vhdl_lab/CPUArchitecture-VHDL/Project/DUT/MIPS/MIPSfetch.vhd Line: 9
Info (12021): Found 2 design units, including 1 entities, in source file /users/elado/desktop/vhdl_lab/cpuarchitecture-vhdl/project/dut/mips/mipsexe.vhd
    Info (12022): Found design unit 1: Execute-behavior File: C:/Users/elado/Desktop/vhdl_lab/CPUArchitecture-VHDL/Project/DUT/MIPS/MIPSexe.vhd Line: 20
    Info (12023): Found entity 1: Execute File: C:/Users/elado/Desktop/vhdl_lab/CPUArchitecture-VHDL/Project/DUT/MIPS/MIPSexe.vhd Line: 7
Info (12021): Found 2 design units, including 1 entities, in source file /users/elado/desktop/vhdl_lab/cpuarchitecture-vhdl/project/dut/mips/mipsenv.vhd
    Info (12022): Found design unit 1: MIPSenv-structure File: C:/Users/elado/Desktop/vhdl_lab/CPUArchitecture-VHDL/Project/DUT/MIPS/MIPSenv.vhd Line: 17
    Info (12023): Found entity 1: MIPSenv File: C:/Users/elado/Desktop/vhdl_lab/CPUArchitecture-VHDL/Project/DUT/MIPS/MIPSenv.vhd Line: 6
Info (12021): Found 2 design units, including 1 entities, in source file /users/elado/desktop/vhdl_lab/cpuarchitecture-vhdl/project/dut/mips/mipsdmem.vhd
    Info (12022): Found design unit 1: dmemory-behavior File: C:/Users/elado/Desktop/vhdl_lab/CPUArchitecture-VHDL/Project/DUT/MIPS/MIPSdmem.vhd Line: 19
    Info (12023): Found entity 1: dmemory File: C:/Users/elado/Desktop/vhdl_lab/CPUArchitecture-VHDL/Project/DUT/MIPS/MIPSdmem.vhd Line: 9
Info (12021): Found 2 design units, including 1 entities, in source file /users/elado/desktop/vhdl_lab/cpuarchitecture-vhdl/project/dut/mips/mipsdecode.vhd
    Info (12022): Found design unit 1: Idecode-behavior File: C:/Users/elado/Desktop/vhdl_lab/CPUArchitecture-VHDL/Project/DUT/MIPS/MIPSdecode.vhd Line: 29
    Info (12023): Found entity 1: Idecode File: C:/Users/elado/Desktop/vhdl_lab/CPUArchitecture-VHDL/Project/DUT/MIPS/MIPSdecode.vhd Line: 7
Info (12021): Found 2 design units, including 1 entities, in source file /users/elado/desktop/vhdl_lab/cpuarchitecture-vhdl/project/dut/mips/mipscontrol.vhd
    Info (12022): Found design unit 1: control-dataflow File: C:/Users/elado/Desktop/vhdl_lab/CPUArchitecture-VHDL/Project/DUT/MIPS/MIPScontrol.vhd Line: 22
    Info (12023): Found entity 1: control File: C:/Users/elado/Desktop/vhdl_lab/CPUArchitecture-VHDL/Project/DUT/MIPS/MIPScontrol.vhd Line: 6
Info (12127): Elaborating entity "MCU_top" for the top level hierarchy
Info (12128): Elaborating entity "MIPSenv" for hierarchy "MIPSenv:MIPS" File: C:/Users/elado/Desktop/vhdl_lab/CPUArchitecture-VHDL/Project/DUT/TOP/MCU.vhd Line: 35
Warning (10036): Verilog HDL or VHDL warning at MIPSenv.vhd(41): object "r_data2_from_bus" assigned a value but never read File: C:/Users/elado/Desktop/vhdl_lab/CPUArchitecture-VHDL/Project/DUT/MIPS/MIPSenv.vhd Line: 41
Info (12128): Elaborating entity "Ifetch" for hierarchy "MIPSenv:MIPS|Ifetch:IFE" File: C:/Users/elado/Desktop/vhdl_lab/CPUArchitecture-VHDL/Project/DUT/MIPS/MIPSenv.vhd Line: 53
Error (10344): VHDL expression error at MIPSfetch.vhd(43): expression has 11 elements, but must have 9 elements File: C:/Users/elado/Desktop/vhdl_lab/CPUArchitecture-VHDL/Project/DUT/MIPS/MIPSfetch.vhd Line: 43
Error (12152): Can't elaborate user hierarchy "MIPSenv:MIPS|Ifetch:IFE" File: C:/Users/elado/Desktop/vhdl_lab/CPUArchitecture-VHDL/Project/DUT/MIPS/MIPSenv.vhd Line: 53
Error: Quartus Prime Analysis & Synthesis was unsuccessful. 2 errors, 2 warnings
    Error: Peak virtual memory: 4857 megabytes
    Error: Processing ended: Wed Aug 28 20:35:53 2024
    Error: Elapsed time: 00:00:15
    Error: Total CPU time (on all processors): 00:00:15


