Analysis & Synthesis report for top
Wed Jul  3 14:31:10 2024
Quartus Prime Version 21.1.0 Build 842 10/21/2021 SJ Lite Edition


---------------------
; Table of Contents ;
---------------------
  1. Legal Notice
  2. Analysis & Synthesis Summary
  3. Analysis & Synthesis Settings
  4. Parallel Compilation
  5. Analysis & Synthesis Messages



----------------
; Legal Notice ;
----------------
Copyright (C) 2021  Intel Corporation. All rights reserved.
Your use of Intel Corporation's design tools, logic functions 
and other software and tools, and any partner logic 
functions, and any output files from any of the foregoing 
(including device programming or simulation files), and any 
associated documentation or information are expressly subject 
to the terms and conditions of the Intel Program License 
Subscription Agreement, the Intel Quartus Prime License Agreement,
the Intel FPGA IP License Agreement, or other applicable license
agreement, including, without limitation, that your use is for
the sole purpose of programming logic devices manufactured by
Intel and sold by Intel or its authorized distributors.  Please
refer to the applicable agreement for further details, at
https://fpgasoftware.intel.com/eula.



+---------------------------------------------------------------------------+
; Analysis & Synthesis Summary                                              ;
+-----------------------------+---------------------------------------------+
; Analysis & Synthesis Status ; Failed - Wed Jul  3 14:31:10 2024           ;
; Quartus Prime Version       ; 21.1.0 Build 842 10/21/2021 SJ Lite Edition ;
; Revision Name               ; top                                         ;
; Top-level Entity Name       ; topEnv                                      ;
; Family                      ; Cyclone V                                   ;
; Logic utilization (in ALMs) ; N/A until Partition Merge                   ;
; Total registers             ; N/A until Partition Merge                   ;
; Total pins                  ; N/A until Partition Merge                   ;
; Total virtual pins          ; N/A until Partition Merge                   ;
; Total block memory bits     ; N/A until Partition Merge                   ;
; Total PLLs                  ; N/A until Partition Merge                   ;
; Total DLLs                  ; N/A until Partition Merge                   ;
+-----------------------------+---------------------------------------------+


+---------------------------------------------------------------------------------------------------------------------------+
; Analysis & Synthesis Settings                                                                                             ;
+---------------------------------------------------------------------------------+--------------------+--------------------+
; Option                                                                          ; Setting            ; Default Value      ;
+---------------------------------------------------------------------------------+--------------------+--------------------+
; Device                                                                          ; 5CSXFC6D6F31C6     ;                    ;
; Top-level entity name                                                           ; topEnv             ; top                ;
; Family name                                                                     ; Cyclone V          ; Cyclone V          ;
; Use smart compilation                                                           ; Off                ; Off                ;
; Enable parallel Assembler and Timing Analyzer during compilation                ; On                 ; On                 ;
; Enable compact report table                                                     ; Off                ; Off                ;
; Restructure Multiplexers                                                        ; Auto               ; Auto               ;
; MLAB Add Timing Constraints For Mixed-Port Feed-Through Mode Setting Don't Care ; Off                ; Off                ;
; Create Debugging Nodes for IP Cores                                             ; Off                ; Off                ;
; Preserve fewer node names                                                       ; On                 ; On                 ;
; Intel FPGA IP Evaluation Mode                                                   ; Enable             ; Enable             ;
; Verilog Version                                                                 ; Verilog_2001       ; Verilog_2001       ;
; VHDL Version                                                                    ; VHDL_1993          ; VHDL_1993          ;
; State Machine Processing                                                        ; Auto               ; Auto               ;
; Safe State Machine                                                              ; Off                ; Off                ;
; Extract Verilog State Machines                                                  ; On                 ; On                 ;
; Extract VHDL State Machines                                                     ; On                 ; On                 ;
; Ignore Verilog initial constructs                                               ; Off                ; Off                ;
; Iteration limit for constant Verilog loops                                      ; 5000               ; 5000               ;
; Iteration limit for non-constant Verilog loops                                  ; 250                ; 250                ;
; Add Pass-Through Logic to Inferred RAMs                                         ; On                 ; On                 ;
; Infer RAMs from Raw Logic                                                       ; On                 ; On                 ;
; Parallel Synthesis                                                              ; On                 ; On                 ;
; DSP Block Balancing                                                             ; Auto               ; Auto               ;
; NOT Gate Push-Back                                                              ; On                 ; On                 ;
; Power-Up Don't Care                                                             ; On                 ; On                 ;
; Remove Redundant Logic Cells                                                    ; Off                ; Off                ;
; Remove Duplicate Registers                                                      ; On                 ; On                 ;
; Ignore CARRY Buffers                                                            ; Off                ; Off                ;
; Ignore CASCADE Buffers                                                          ; Off                ; Off                ;
; Ignore GLOBAL Buffers                                                           ; Off                ; Off                ;
; Ignore ROW GLOBAL Buffers                                                       ; Off                ; Off                ;
; Ignore LCELL Buffers                                                            ; Off                ; Off                ;
; Ignore SOFT Buffers                                                             ; On                 ; On                 ;
; Limit AHDL Integers to 32 Bits                                                  ; Off                ; Off                ;
; Optimization Technique                                                          ; Balanced           ; Balanced           ;
; Carry Chain Length                                                              ; 70                 ; 70                 ;
; Auto Carry Chains                                                               ; On                 ; On                 ;
; Auto Open-Drain Pins                                                            ; On                 ; On                 ;
; Perform WYSIWYG Primitive Resynthesis                                           ; Off                ; Off                ;
; Auto ROM Replacement                                                            ; On                 ; On                 ;
; Auto RAM Replacement                                                            ; On                 ; On                 ;
; Auto DSP Block Replacement                                                      ; On                 ; On                 ;
; Auto Shift Register Replacement                                                 ; Auto               ; Auto               ;
; Allow Shift Register Merging across Hierarchies                                 ; Auto               ; Auto               ;
; Auto Clock Enable Replacement                                                   ; On                 ; On                 ;
; Strict RAM Replacement                                                          ; Off                ; Off                ;
; Allow Synchronous Control Signals                                               ; On                 ; On                 ;
; Force Use of Synchronous Clear Signals                                          ; Off                ; Off                ;
; Auto Resource Sharing                                                           ; Off                ; Off                ;
; Allow Any RAM Size For Recognition                                              ; Off                ; Off                ;
; Allow Any ROM Size For Recognition                                              ; Off                ; Off                ;
; Allow Any Shift Register Size For Recognition                                   ; Off                ; Off                ;
; Use LogicLock Constraints during Resource Balancing                             ; On                 ; On                 ;
; Ignore translate_off and synthesis_off directives                               ; Off                ; Off                ;
; Timing-Driven Synthesis                                                         ; On                 ; On                 ;
; Report Parameter Settings                                                       ; On                 ; On                 ;
; Report Source Assignments                                                       ; On                 ; On                 ;
; Report Connectivity Checks                                                      ; On                 ; On                 ;
; Ignore Maximum Fan-Out Assignments                                              ; Off                ; Off                ;
; Synchronization Register Chain Length                                           ; 3                  ; 3                  ;
; Power Optimization During Synthesis                                             ; Normal compilation ; Normal compilation ;
; HDL message level                                                               ; Level2             ; Level2             ;
; Suppress Register Optimization Related Messages                                 ; Off                ; Off                ;
; Number of Removed Registers Reported in Synthesis Report                        ; 5000               ; 5000               ;
; Number of Swept Nodes Reported in Synthesis Report                              ; 5000               ; 5000               ;
; Number of Inverted Registers Reported in Synthesis Report                       ; 100                ; 100                ;
; Clock MUX Protection                                                            ; On                 ; On                 ;
; Auto Gated Clock Conversion                                                     ; Off                ; Off                ;
; Block Design Naming                                                             ; Auto               ; Auto               ;
; SDC constraint protection                                                       ; Off                ; Off                ;
; Synthesis Effort                                                                ; Auto               ; Auto               ;
; Shift Register Replacement - Allow Asynchronous Clear Signal                    ; On                 ; On                 ;
; Pre-Mapping Resynthesis Optimization                                            ; Off                ; Off                ;
; Analysis & Synthesis Message Level                                              ; Medium             ; Medium             ;
; Disable Register Merging Across Hierarchies                                     ; Auto               ; Auto               ;
; Resource Aware Inference For Block RAM                                          ; On                 ; On                 ;
; Automatic Parallel Synthesis                                                    ; On                 ; On                 ;
; Partial Reconfiguration Bitstream ID                                            ; Off                ; Off                ;
+---------------------------------------------------------------------------------+--------------------+--------------------+


+------------------------------------------+
; Parallel Compilation                     ;
+----------------------------+-------------+
; Processors                 ; Number      ;
+----------------------------+-------------+
; Number detected on machine ; 8           ;
; Maximum allowed            ; 4           ;
;                            ;             ;
; Average used               ; 1.00        ;
; Maximum used               ; 1           ;
;                            ;             ;
; Usage by Processor         ; % Time Used ;
;     Processor 1            ; 100.0%      ;
+----------------------------+-------------+


+-------------------------------+
; Analysis & Synthesis Messages ;
+-------------------------------+
Info: *******************************************************************
Info: Running Quartus Prime Analysis & Synthesis
    Info: Version 21.1.0 Build 842 10/21/2021 SJ Lite Edition
    Info: Processing started: Wed Jul  3 14:30:53 2024
Info: Command: quartus_map --read_settings_files=on --write_settings_files=off LAB4_FPGA -c top
Warning (18236): Number of processors has not been specified which may cause overloading on shared machines.  Set the global assignment NUM_PARALLEL_PROCESSORS in your QSF to an appropriate value for best performance.
Info (20030): Parallel compilation is enabled and will use 4 of the 4 processors detected
Error (10500): VHDL syntax error at topEnv.vhd(11) near text "0";  expecting ")", or "," File: C:/Users/elado/Desktop/vhdl_lab/CPUArchitecture-VHDL/LAB4FPGAQuartusMemory/DUT/topEnv.vhd Line: 11
Error (10500): VHDL syntax error at topEnv.vhd(12) near text "0";  expecting ")", or "," File: C:/Users/elado/Desktop/vhdl_lab/CPUArchitecture-VHDL/LAB4FPGAQuartusMemory/DUT/topEnv.vhd Line: 12
Error (10523): Ignored construct topEnv at topEnv.vhd(5) due to previous errors File: C:/Users/elado/Desktop/vhdl_lab/CPUArchitecture-VHDL/LAB4FPGAQuartusMemory/DUT/topEnv.vhd Line: 5
Error (10500): VHDL syntax error at topEnv.vhd(22) near text "0";  expecting ")", or "," File: C:/Users/elado/Desktop/vhdl_lab/CPUArchitecture-VHDL/LAB4FPGAQuartusMemory/DUT/topEnv.vhd Line: 22
Error (10500): VHDL syntax error at topEnv.vhd(23) near text "0";  expecting ")", or "," File: C:/Users/elado/Desktop/vhdl_lab/CPUArchitecture-VHDL/LAB4FPGAQuartusMemory/DUT/topEnv.vhd Line: 23
Error (10500): VHDL syntax error at topEnv.vhd(24) near text "0";  expecting ")", or "," File: C:/Users/elado/Desktop/vhdl_lab/CPUArchitecture-VHDL/LAB4FPGAQuartusMemory/DUT/topEnv.vhd Line: 24
Error (10500): VHDL syntax error at topEnv.vhd(25) near text "0";  expecting ")", or "," File: C:/Users/elado/Desktop/vhdl_lab/CPUArchitecture-VHDL/LAB4FPGAQuartusMemory/DUT/topEnv.vhd Line: 25
Error (10500): VHDL syntax error at topEnv.vhd(35) near text "if";  expecting "begin", or a declaration statement File: C:/Users/elado/Desktop/vhdl_lab/CPUArchitecture-VHDL/LAB4FPGAQuartusMemory/DUT/topEnv.vhd Line: 35
Info (12021): Found 0 design units, including 0 entities, in source file /users/elado/desktop/vhdl_lab/cpuarchitecture-vhdl/lab4fpgaquartusmemory/dut/topenv.vhd
Info (12021): Found 2 design units, including 1 entities, in source file /users/elado/desktop/vhdl_lab/cpuarchitecture-vhdl/lab4fpgaquartusmemory/dut/top.vhd
    Info (12022): Found design unit 1: top-dataflow File: C:/Users/elado/Desktop/vhdl_lab/CPUArchitecture-VHDL/LAB4FPGAQuartusMemory/DUT/top.vhd Line: 17
    Info (12023): Found entity 1: top File: C:/Users/elado/Desktop/vhdl_lab/CPUArchitecture-VHDL/LAB4FPGAQuartusMemory/DUT/top.vhd Line: 5
Info (12021): Found 2 design units, including 1 entities, in source file /users/elado/desktop/vhdl_lab/cpuarchitecture-vhdl/lab4fpgaquartusmemory/dut/aluenv.vhd
    Info (12022): Found design unit 1: aluEnv-struct File: C:/Users/elado/Desktop/vhdl_lab/CPUArchitecture-VHDL/LAB4FPGAQuartusMemory/DUT/ALUenv.vhd Line: 19
    Info (12023): Found entity 1: aluEnv File: C:/Users/elado/Desktop/vhdl_lab/CPUArchitecture-VHDL/LAB4FPGAQuartusMemory/DUT/ALUenv.vhd Line: 5
Info (12021): Found 2 design units, including 1 entities, in source file /users/elado/desktop/vhdl_lab/cpuarchitecture-vhdl/lab4fpgaquartusmemory/dut/shifter.vhd
    Info (12022): Found design unit 1: shifter-dataflow File: C:/Users/elado/Desktop/vhdl_lab/CPUArchitecture-VHDL/LAB4FPGAQuartusMemory/DUT/Shifter.vhd Line: 16
    Info (12023): Found entity 1: shifter File: C:/Users/elado/Desktop/vhdl_lab/CPUArchitecture-VHDL/LAB4FPGAQuartusMemory/DUT/Shifter.vhd Line: 5
Info (12021): Found 2 design units, including 1 entities, in source file /users/elado/desktop/vhdl_lab/cpuarchitecture-vhdl/lab4fpgaquartusmemory/dut/pwmenv.vhd
    Info (12022): Found design unit 1: pwmEnv-dataflow File: C:/Users/elado/Desktop/vhdl_lab/CPUArchitecture-VHDL/LAB4FPGAQuartusMemory/DUT/PWMenv.vhd Line: 15
    Info (12023): Found entity 1: pwmEnv File: C:/Users/elado/Desktop/vhdl_lab/CPUArchitecture-VHDL/LAB4FPGAQuartusMemory/DUT/PWMenv.vhd Line: 5
Info (12021): Found 2 design units, including 1 entities, in source file /users/elado/desktop/vhdl_lab/cpuarchitecture-vhdl/lab4fpgaquartusmemory/dut/pwm.vhd
    Info (12022): Found design unit 1: pwm-dataflow File: C:/Users/elado/Desktop/vhdl_lab/CPUArchitecture-VHDL/LAB4FPGAQuartusMemory/DUT/PWM.vhd Line: 16
    Info (12023): Found entity 1: pwm File: C:/Users/elado/Desktop/vhdl_lab/CPUArchitecture-VHDL/LAB4FPGAQuartusMemory/DUT/PWM.vhd Line: 7
Info (12021): Found 2 design units, including 1 entities, in source file /users/elado/desktop/vhdl_lab/cpuarchitecture-vhdl/lab4fpgaquartusmemory/dut/logic.vhd
    Info (12022): Found design unit 1: LOGIC-dataflow File: C:/Users/elado/Desktop/vhdl_lab/CPUArchitecture-VHDL/LAB4FPGAQuartusMemory/DUT/Logic.vhd Line: 12
    Info (12023): Found entity 1: LOGIC File: C:/Users/elado/Desktop/vhdl_lab/CPUArchitecture-VHDL/LAB4FPGAQuartusMemory/DUT/Logic.vhd Line: 4
Info (12021): Found 2 design units, including 1 entities, in source file /users/elado/desktop/vhdl_lab/cpuarchitecture-vhdl/lab4fpgaquartusmemory/dut/fa.vhd
    Info (12022): Found design unit 1: FA-dataflow File: C:/Users/elado/Desktop/vhdl_lab/CPUArchitecture-VHDL/LAB4FPGAQuartusMemory/DUT/FA.vhd Line: 10
    Info (12023): Found entity 1: FA File: C:/Users/elado/Desktop/vhdl_lab/CPUArchitecture-VHDL/LAB4FPGAQuartusMemory/DUT/FA.vhd Line: 4
Info (12021): Found 2 design units, including 1 entities, in source file /users/elado/desktop/vhdl_lab/cpuarchitecture-vhdl/lab4fpgaquartusmemory/dut/counter.vhd
    Info (12022): Found design unit 1: counter-rtl File: C:/Users/elado/Desktop/vhdl_lab/CPUArchitecture-VHDL/LAB4FPGAQuartusMemory/DUT/counter.vhd Line: 10
    Info (12023): Found entity 1: counter File: C:/Users/elado/Desktop/vhdl_lab/CPUArchitecture-VHDL/LAB4FPGAQuartusMemory/DUT/counter.vhd Line: 5
Info (12021): Found 1 design units, including 0 entities, in source file /users/elado/desktop/vhdl_lab/cpuarchitecture-vhdl/lab4fpgaquartusmemory/dut/aux_package.vhd
    Info (12022): Found design unit 1: aux_package File: C:/Users/elado/Desktop/vhdl_lab/CPUArchitecture-VHDL/LAB4FPGAQuartusMemory/DUT/aux_package.vhd Line: 5
Info (12021): Found 2 design units, including 1 entities, in source file /users/elado/desktop/vhdl_lab/cpuarchitecture-vhdl/lab4fpgaquartusmemory/dut/addersub.vhd
    Info (12022): Found design unit 1: AdderSub-dataflow File: C:/Users/elado/Desktop/vhdl_lab/CPUArchitecture-VHDL/LAB4FPGAQuartusMemory/DUT/AdderSub.vhd Line: 14
    Info (12023): Found entity 1: AdderSub File: C:/Users/elado/Desktop/vhdl_lab/CPUArchitecture-VHDL/LAB4FPGAQuartusMemory/DUT/AdderSub.vhd Line: 5
Info (12021): Found 2 design units, including 1 entities, in source file pll.vhd
    Info (12022): Found design unit 1: pll-rtl File: C:/Users/elado/Desktop/vhdl_lab/CPUArchitecture-VHDL/LAB4FPGAQuartusMemory/Quartus/pll.vhd Line: 20
    Info (12023): Found entity 1: pll File: C:/Users/elado/Desktop/vhdl_lab/CPUArchitecture-VHDL/LAB4FPGAQuartusMemory/Quartus/pll.vhd Line: 11
Info (12021): Found 1 design units, including 1 entities, in source file pll/pll_0002.v
    Info (12023): Found entity 1: pll_0002 File: C:/Users/elado/Desktop/vhdl_lab/CPUArchitecture-VHDL/LAB4FPGAQuartusMemory/Quartus/pll/pll_0002.v Line: 2
Error: Quartus Prime Analysis & Synthesis was unsuccessful. 8 errors, 1 warning
    Error: Peak virtual memory: 4848 megabytes
    Error: Processing ended: Wed Jul  3 14:31:10 2024
    Error: Elapsed time: 00:00:17
    Error: Total CPU time (on all processors): 00:00:24


