Analysis & Synthesis report for top
Wed Jul  3 15:37:31 2024
Quartus Prime Version 21.1.0 Build 842 10/21/2021 SJ Lite Edition


---------------------
; Table of Contents ;
---------------------
  1. Legal Notice
  2. Analysis & Synthesis Summary
  3. Analysis & Synthesis Settings
  4. Parallel Compilation
  5. Analysis & Synthesis Source Files Read
  6. Analysis & Synthesis Resource Usage Summary
  7. Analysis & Synthesis Resource Utilization by Entity
  8. Analysis & Synthesis IP Cores Summary
  9. General Register Statistics
 10. Multiplexer Restructuring Statistics (Restructuring Performed)
 11. Parameter Settings for User Entity Instance: Top-level Entity: |topEnv
 12. Parameter Settings for User Entity Instance: top:top_inst
 13. Parameter Settings for User Entity Instance: top:top_inst|aluEnv:alu_inst
 14. Parameter Settings for User Entity Instance: top:top_inst|aluEnv:alu_inst|AdderSub:AddSub_inst
 15. Parameter Settings for User Entity Instance: top:top_inst|aluEnv:alu_inst|shifter:Shift_inst
 16. Parameter Settings for User Entity Instance: top:top_inst|aluEnv:alu_inst|LOGIC:Boolean_inst
 17. Parameter Settings for User Entity Instance: top:top_inst|pwmEnv:pwm_inst
 18. Parameter Settings for User Entity Instance: top:top_inst|pwmEnv:pwm_inst|pwm:pwm_inst
 19. Parameter Settings for User Entity Instance: CounterEnvelope:counter_env_clk|pll:m1|pll_0002:pll_inst|altera_pll:altera_pll_i
 20. Port Connectivity Checks: "CounterEnvelope:counter_env_clk|pll:m1"
 21. Post-Synthesis Netlist Statistics for Top Partition
 22. Elapsed Time Per Partition
 23. Analysis & Synthesis Messages



----------------
; Legal Notice ;
----------------
Copyright (C) 2021  Intel Corporation. All rights reserved.
Your use of Intel Corporation's design tools, logic functions 
and other software and tools, and any partner logic 
functions, and any output files from any of the foregoing 
(including device programming or simulation files), and any 
associated documentation or information are expressly subject 
to the terms and conditions of the Intel Program License 
Subscription Agreement, the Intel Quartus Prime License Agreement,
the Intel FPGA IP License Agreement, or other applicable license
agreement, including, without limitation, that your use is for
the sole purpose of programming logic devices manufactured by
Intel and sold by Intel or its authorized distributors.  Please
refer to the applicable agreement for further details, at
https://fpgasoftware.intel.com/eula.



+-------------------------------------------------------------------------------+
; Analysis & Synthesis Summary                                                  ;
+---------------------------------+---------------------------------------------+
; Analysis & Synthesis Status     ; Successful - Wed Jul  3 15:37:31 2024       ;
; Quartus Prime Version           ; 21.1.0 Build 842 10/21/2021 SJ Lite Edition ;
; Revision Name                   ; top                                         ;
; Top-level Entity Name           ; topEnv                                      ;
; Family                          ; Cyclone V                                   ;
; Logic utilization (in ALMs)     ; N/A                                         ;
; Total registers                 ; 37                                          ;
; Total pins                      ; 48                                          ;
; Total virtual pins              ; 0                                           ;
; Total block memory bits         ; 0                                           ;
; Total DSP Blocks                ; 0                                           ;
; Total HSSI RX PCSs              ; 0                                           ;
; Total HSSI PMA RX Deserializers ; 0                                           ;
; Total HSSI TX PCSs              ; 0                                           ;
; Total HSSI PMA TX Serializers   ; 0                                           ;
; Total PLLs                      ; 1                                           ;
; Total DLLs                      ; 0                                           ;
+---------------------------------+---------------------------------------------+


+---------------------------------------------------------------------------------------------------------------------------+
; Analysis & Synthesis Settings                                                                                             ;
+---------------------------------------------------------------------------------+--------------------+--------------------+
; Option                                                                          ; Setting            ; Default Value      ;
+---------------------------------------------------------------------------------+--------------------+--------------------+
; Device                                                                          ; 5CSXFC6D6F31C6     ;                    ;
; Top-level entity name                                                           ; topEnv             ; top                ;
; Family name                                                                     ; Cyclone V          ; Cyclone V          ;
; Use smart compilation                                                           ; Off                ; Off                ;
; Enable parallel Assembler and Timing Analyzer during compilation                ; On                 ; On                 ;
; Enable compact report table                                                     ; Off                ; Off                ;
; Restructure Multiplexers                                                        ; Auto               ; Auto               ;
; MLAB Add Timing Constraints For Mixed-Port Feed-Through Mode Setting Don't Care ; Off                ; Off                ;
; Create Debugging Nodes for IP Cores                                             ; Off                ; Off                ;
; Preserve fewer node names                                                       ; On                 ; On                 ;
; Intel FPGA IP Evaluation Mode                                                   ; Enable             ; Enable             ;
; Verilog Version                                                                 ; Verilog_2001       ; Verilog_2001       ;
; VHDL Version                                                                    ; VHDL_1993          ; VHDL_1993          ;
; State Machine Processing                                                        ; Auto               ; Auto               ;
; Safe State Machine                                                              ; Off                ; Off                ;
; Extract Verilog State Machines                                                  ; On                 ; On                 ;
; Extract VHDL State Machines                                                     ; On                 ; On                 ;
; Ignore Verilog initial constructs                                               ; Off                ; Off                ;
; Iteration limit for constant Verilog loops                                      ; 5000               ; 5000               ;
; Iteration limit for non-constant Verilog loops                                  ; 250                ; 250                ;
; Add Pass-Through Logic to Inferred RAMs                                         ; On                 ; On                 ;
; Infer RAMs from Raw Logic                                                       ; On                 ; On                 ;
; Parallel Synthesis                                                              ; On                 ; On                 ;
; DSP Block Balancing                                                             ; Auto               ; Auto               ;
; NOT Gate Push-Back                                                              ; On                 ; On                 ;
; Power-Up Don't Care                                                             ; On                 ; On                 ;
; Remove Redundant Logic Cells                                                    ; Off                ; Off                ;
; Remove Duplicate Registers                                                      ; On                 ; On                 ;
; Ignore CARRY Buffers                                                            ; Off                ; Off                ;
; Ignore CASCADE Buffers                                                          ; Off                ; Off                ;
; Ignore GLOBAL Buffers                                                           ; Off                ; Off                ;
; Ignore ROW GLOBAL Buffers                                                       ; Off                ; Off                ;
; Ignore LCELL Buffers                                                            ; Off                ; Off                ;
; Ignore SOFT Buffers                                                             ; On                 ; On                 ;
; Limit AHDL Integers to 32 Bits                                                  ; Off                ; Off                ;
; Optimization Technique                                                          ; Balanced           ; Balanced           ;
; Carry Chain Length                                                              ; 70                 ; 70                 ;
; Auto Carry Chains                                                               ; On                 ; On                 ;
; Auto Open-Drain Pins                                                            ; On                 ; On                 ;
; Perform WYSIWYG Primitive Resynthesis                                           ; Off                ; Off                ;
; Auto ROM Replacement                                                            ; On                 ; On                 ;
; Auto RAM Replacement                                                            ; On                 ; On                 ;
; Auto DSP Block Replacement                                                      ; On                 ; On                 ;
; Auto Shift Register Replacement                                                 ; Auto               ; Auto               ;
; Allow Shift Register Merging across Hierarchies                                 ; Auto               ; Auto               ;
; Auto Clock Enable Replacement                                                   ; On                 ; On                 ;
; Strict RAM Replacement                                                          ; Off                ; Off                ;
; Allow Synchronous Control Signals                                               ; On                 ; On                 ;
; Force Use of Synchronous Clear Signals                                          ; Off                ; Off                ;
; Auto Resource Sharing                                                           ; Off                ; Off                ;
; Allow Any RAM Size For Recognition                                              ; Off                ; Off                ;
; Allow Any ROM Size For Recognition                                              ; Off                ; Off                ;
; Allow Any Shift Register Size For Recognition                                   ; Off                ; Off                ;
; Use LogicLock Constraints during Resource Balancing                             ; On                 ; On                 ;
; Ignore translate_off and synthesis_off directives                               ; Off                ; Off                ;
; Timing-Driven Synthesis                                                         ; On                 ; On                 ;
; Report Parameter Settings                                                       ; On                 ; On                 ;
; Report Source Assignments                                                       ; On                 ; On                 ;
; Report Connectivity Checks                                                      ; On                 ; On                 ;
; Ignore Maximum Fan-Out Assignments                                              ; Off                ; Off                ;
; Synchronization Register Chain Length                                           ; 3                  ; 3                  ;
; Power Optimization During Synthesis                                             ; Normal compilation ; Normal compilation ;
; HDL message level                                                               ; Level2             ; Level2             ;
; Suppress Register Optimization Related Messages                                 ; Off                ; Off                ;
; Number of Removed Registers Reported in Synthesis Report                        ; 5000               ; 5000               ;
; Number of Swept Nodes Reported in Synthesis Report                              ; 5000               ; 5000               ;
; Number of Inverted Registers Reported in Synthesis Report                       ; 100                ; 100                ;
; Clock MUX Protection                                                            ; On                 ; On                 ;
; Auto Gated Clock Conversion                                                     ; Off                ; Off                ;
; Block Design Naming                                                             ; Auto               ; Auto               ;
; SDC constraint protection                                                       ; Off                ; Off                ;
; Synthesis Effort                                                                ; Auto               ; Auto               ;
; Shift Register Replacement - Allow Asynchronous Clear Signal                    ; On                 ; On                 ;
; Pre-Mapping Resynthesis Optimization                                            ; Off                ; Off                ;
; Analysis & Synthesis Message Level                                              ; Medium             ; Medium             ;
; Disable Register Merging Across Hierarchies                                     ; Auto               ; Auto               ;
; Resource Aware Inference For Block RAM                                          ; On                 ; On                 ;
; Automatic Parallel Synthesis                                                    ; On                 ; On                 ;
; Partial Reconfiguration Bitstream ID                                            ; Off                ; Off                ;
+---------------------------------------------------------------------------------+--------------------+--------------------+


+------------------------------------------+
; Parallel Compilation                     ;
+----------------------------+-------------+
; Processors                 ; Number      ;
+----------------------------+-------------+
; Number detected on machine ; 8           ;
; Maximum allowed            ; 4           ;
;                            ;             ;
; Average used               ; 1.00        ;
; Maximum used               ; 4           ;
;                            ;             ;
; Usage by Processor         ; % Time Used ;
;     Processor 1            ; 100.0%      ;
;     Processors 2-4         ;   0.0%      ;
+----------------------------+-------------+


+-------------------------------------------------------------------------------------------------------------------------------------------------------------------------------------------------+
; Analysis & Synthesis Source Files Read                                                                                                                                                          ;
+----------------------------------+-----------------+-----------------------------+----------------------------------------------------------------------------------------------------+---------+
; File Name with User-Entered Path ; Used in Netlist ; File Type                   ; File Name with Absolute Path                                                                       ; Library ;
+----------------------------------+-----------------+-----------------------------+----------------------------------------------------------------------------------------------------+---------+
; ../DUT/topEnv.vhd                ; yes             ; User VHDL File              ; C:/Users/elado/Desktop/vhdl_lab/CPUArchitecture-VHDL/LAB4FPGAQuartusMemory/DUT/topEnv.vhd          ;         ;
; ../DUT/top.vhd                   ; yes             ; User VHDL File              ; C:/Users/elado/Desktop/vhdl_lab/CPUArchitecture-VHDL/LAB4FPGAQuartusMemory/DUT/top.vhd             ;         ;
; ../DUT/CounterEnvelope.vhd       ; yes             ; User VHDL File              ; C:/Users/elado/Desktop/vhdl_lab/CPUArchitecture-VHDL/LAB4FPGAQuartusMemory/DUT/CounterEnvelope.vhd ;         ;
; ../DUT/ALUenv.vhd                ; yes             ; User VHDL File              ; C:/Users/elado/Desktop/vhdl_lab/CPUArchitecture-VHDL/LAB4FPGAQuartusMemory/DUT/ALUenv.vhd          ;         ;
; ../DUT/Shifter.vhd               ; yes             ; User VHDL File              ; C:/Users/elado/Desktop/vhdl_lab/CPUArchitecture-VHDL/LAB4FPGAQuartusMemory/DUT/Shifter.vhd         ;         ;
; ../DUT/PWMenv.vhd                ; yes             ; User VHDL File              ; C:/Users/elado/Desktop/vhdl_lab/CPUArchitecture-VHDL/LAB4FPGAQuartusMemory/DUT/PWMenv.vhd          ;         ;
; ../DUT/PWM.vhd                   ; yes             ; User VHDL File              ; C:/Users/elado/Desktop/vhdl_lab/CPUArchitecture-VHDL/LAB4FPGAQuartusMemory/DUT/PWM.vhd             ;         ;
; ../DUT/Logic.vhd                 ; yes             ; User VHDL File              ; C:/Users/elado/Desktop/vhdl_lab/CPUArchitecture-VHDL/LAB4FPGAQuartusMemory/DUT/Logic.vhd           ;         ;
; ../DUT/FA.vhd                    ; yes             ; User VHDL File              ; C:/Users/elado/Desktop/vhdl_lab/CPUArchitecture-VHDL/LAB4FPGAQuartusMemory/DUT/FA.vhd              ;         ;
; ../DUT/aux_package.vhd           ; yes             ; User VHDL File              ; C:/Users/elado/Desktop/vhdl_lab/CPUArchitecture-VHDL/LAB4FPGAQuartusMemory/DUT/aux_package.vhd     ;         ;
; ../DUT/AdderSub.vhd              ; yes             ; User VHDL File              ; C:/Users/elado/Desktop/vhdl_lab/CPUArchitecture-VHDL/LAB4FPGAQuartusMemory/DUT/AdderSub.vhd        ;         ;
; pll.vhd                          ; yes             ; User Wizard-Generated File  ; C:/Users/elado/Desktop/vhdl_lab/CPUArchitecture-VHDL/LAB4FPGAQuartusMemory/Quartus/pll.vhd         ; pll     ;
; pll/pll_0002.v                   ; yes             ; User Verilog HDL File       ; C:/Users/elado/Desktop/vhdl_lab/CPUArchitecture-VHDL/LAB4FPGAQuartusMemory/Quartus/pll/pll_0002.v  ; pll     ;
; altera_pll.v                     ; yes             ; Megafunction                ; c:/intelfpga_lite/21.1/quartus/libraries/megafunctions/altera_pll.v                                ;         ;
+----------------------------------+-----------------+-----------------------------+----------------------------------------------------------------------------------------------------+---------+


+-----------------------------------------------------------+
; Analysis & Synthesis Resource Usage Summary               ;
+---------------------------------------------+-------------+
; Resource                                    ; Usage       ;
+---------------------------------------------+-------------+
; Estimate of Logic utilization (ALMs needed) ; 98          ;
;                                             ;             ;
; Combinational ALUT usage for logic          ; 137         ;
;     -- 7 input functions                    ; 0           ;
;     -- 6 input functions                    ; 55          ;
;     -- 5 input functions                    ; 11          ;
;     -- 4 input functions                    ; 30          ;
;     -- <=3 input functions                  ; 41          ;
;                                             ;             ;
; Dedicated logic registers                   ; 37          ;
;                                             ;             ;
; I/O pins                                    ; 48          ;
;                                             ;             ;
; Total DSP Blocks                            ; 0           ;
;                                             ;             ;
; Total PLLs                                  ; 1           ;
;     -- PLLs                                 ; 1           ;
;                                             ;             ;
; Maximum fan-out node                        ; alufnReg[0] ;
; Maximum fan-out                             ; 41          ;
; Total fan-out                               ; 804         ;
; Average fan-out                             ; 2.97        ;
+---------------------------------------------+-------------+


+----------------------------------------------------------------------------------------------------------------------------------------------------------------------------------------------------------------------------------------------------------------------------+
; Analysis & Synthesis Resource Utilization by Entity                                                                                                                                                                                                                        ;
+---------------------------------------+---------------------+---------------------------+-------------------+------------+------+--------------+------------------------------------------------------------------------------------------+-----------------+--------------+
; Compilation Hierarchy Node            ; Combinational ALUTs ; Dedicated Logic Registers ; Block Memory Bits ; DSP Blocks ; Pins ; Virtual Pins ; Full Hierarchy Name                                                                      ; Entity Name     ; Library Name ;
+---------------------------------------+---------------------+---------------------------+-------------------+------------+------+--------------+------------------------------------------------------------------------------------------+-----------------+--------------+
; |topEnv                               ; 137 (0)             ; 37 (21)                   ; 0                 ; 0          ; 48   ; 0            ; |topEnv                                                                                  ; topEnv          ; work         ;
;    |CounterEnvelope:counter_env_clk|  ; 8 (8)               ; 7 (7)                     ; 0                 ; 0          ; 0    ; 0            ; |topEnv|CounterEnvelope:counter_env_clk                                                  ; CounterEnvelope ; work         ;
;       |pll:m1|                        ; 0 (0)               ; 0 (0)                     ; 0                 ; 0          ; 0    ; 0            ; |topEnv|CounterEnvelope:counter_env_clk|pll:m1                                           ; pll             ; pll          ;
;          |pll_0002:pll_inst|          ; 0 (0)               ; 0 (0)                     ; 0                 ; 0          ; 0    ; 0            ; |topEnv|CounterEnvelope:counter_env_clk|pll:m1|pll_0002:pll_inst                         ; pll_0002        ; pll          ;
;             |altera_pll:altera_pll_i| ; 0 (0)               ; 0 (0)                     ; 0                 ; 0          ; 0    ; 0            ; |topEnv|CounterEnvelope:counter_env_clk|pll:m1|pll_0002:pll_inst|altera_pll:altera_pll_i ; altera_pll      ; work         ;
;    |top:top_inst|                     ; 129 (15)            ; 9 (0)                     ; 0                 ; 0          ; 0    ; 0            ; |topEnv|top:top_inst                                                                     ; top             ; work         ;
;       |aluEnv:alu_inst|               ; 93 (56)             ; 0 (0)                     ; 0                 ; 0          ; 0    ; 0            ; |topEnv|top:top_inst|aluEnv:alu_inst                                                     ; aluEnv          ; work         ;
;          |AdderSub:AddSub_inst|       ; 22 (2)              ; 0 (0)                     ; 0                 ; 0          ; 0    ; 0            ; |topEnv|top:top_inst|aluEnv:alu_inst|AdderSub:AddSub_inst                                ; AdderSub        ; work         ;
;             |FA:FA0|                  ; 3 (3)               ; 0 (0)                     ; 0                 ; 0          ; 0    ; 0            ; |topEnv|top:top_inst|aluEnv:alu_inst|AdderSub:AddSub_inst|FA:FA0                         ; FA              ; work         ;
;             |FA:\FAN:1:FA_i_instance| ; 1 (1)               ; 0 (0)                     ; 0                 ; 0          ; 0    ; 0            ; |topEnv|top:top_inst|aluEnv:alu_inst|AdderSub:AddSub_inst|FA:\FAN:1:FA_i_instance        ; FA              ; work         ;
;             |FA:\FAN:2:FA_i_instance| ; 2 (2)               ; 0 (0)                     ; 0                 ; 0          ; 0    ; 0            ; |topEnv|top:top_inst|aluEnv:alu_inst|AdderSub:AddSub_inst|FA:\FAN:2:FA_i_instance        ; FA              ; work         ;
;             |FA:\FAN:3:FA_i_instance| ; 4 (4)               ; 0 (0)                     ; 0                 ; 0          ; 0    ; 0            ; |topEnv|top:top_inst|aluEnv:alu_inst|AdderSub:AddSub_inst|FA:\FAN:3:FA_i_instance        ; FA              ; work         ;
;             |FA:\FAN:4:FA_i_instance| ; 3 (3)               ; 0 (0)                     ; 0                 ; 0          ; 0    ; 0            ; |topEnv|top:top_inst|aluEnv:alu_inst|AdderSub:AddSub_inst|FA:\FAN:4:FA_i_instance        ; FA              ; work         ;
;             |FA:\FAN:5:FA_i_instance| ; 3 (3)               ; 0 (0)                     ; 0                 ; 0          ; 0    ; 0            ; |topEnv|top:top_inst|aluEnv:alu_inst|AdderSub:AddSub_inst|FA:\FAN:5:FA_i_instance        ; FA              ; work         ;
;             |FA:\FAN:6:FA_i_instance| ; 3 (3)               ; 0 (0)                     ; 0                 ; 0          ; 0    ; 0            ; |topEnv|top:top_inst|aluEnv:alu_inst|AdderSub:AddSub_inst|FA:\FAN:6:FA_i_instance        ; FA              ; work         ;
;             |FA:\FAN:7:FA_i_instance| ; 1 (1)               ; 0 (0)                     ; 0                 ; 0          ; 0    ; 0            ; |topEnv|top:top_inst|aluEnv:alu_inst|AdderSub:AddSub_inst|FA:\FAN:7:FA_i_instance        ; FA              ; work         ;
;          |shifter:Shift_inst|         ; 15 (15)             ; 0 (0)                     ; 0                 ; 0          ; 0    ; 0            ; |topEnv|top:top_inst|aluEnv:alu_inst|shifter:Shift_inst                                  ; shifter         ; work         ;
;       |pwmEnv:pwm_inst|               ; 21 (0)              ; 9 (0)                     ; 0                 ; 0          ; 0    ; 0            ; |topEnv|top:top_inst|pwmEnv:pwm_inst                                                     ; pwmEnv          ; work         ;
;          |pwm:pwm_inst|               ; 21 (21)             ; 9 (9)                     ; 0                 ; 0          ; 0    ; 0            ; |topEnv|top:top_inst|pwmEnv:pwm_inst|pwm:pwm_inst                                        ; pwm             ; work         ;
+---------------------------------------+---------------------+---------------------------+-------------------+------------+------+--------------+------------------------------------------------------------------------------------------+-----------------+--------------+
Note: For table entries with two numbers listed, the numbers in parentheses indicate the number of resources of the given type used by the specific entity alone. The numbers listed outside of parentheses indicate the total resources of the given type used by the specific entity and all of its sub-entities in the hierarchy.


+----------------------------------------------------------------------------------------------------------------------------------+
; Analysis & Synthesis IP Cores Summary                                                                                            ;
+--------+--------------+---------+--------------+--------------+------------------------------------------------+-----------------+
; Vendor ; IP Core Name ; Version ; Release Date ; License Type ; Entity Instance                                ; IP Include File ;
+--------+--------------+---------+--------------+--------------+------------------------------------------------+-----------------+
; Altera ; altera_pll   ; 21.1    ; N/A          ; N/A          ; |topEnv|CounterEnvelope:counter_env_clk|pll:m1 ; pll.vhd         ;
+--------+--------------+---------+--------------+--------------+------------------------------------------------+-----------------+


+------------------------------------------------------+
; General Register Statistics                          ;
+----------------------------------------------+-------+
; Statistic                                    ; Value ;
+----------------------------------------------+-------+
; Total registers                              ; 37    ;
; Number of registers using Synchronous Clear  ; 8     ;
; Number of registers using Synchronous Load   ; 0     ;
; Number of registers using Asynchronous Clear ; 0     ;
; Number of registers using Asynchronous Load  ; 0     ;
; Number of registers using Clock Enable       ; 29    ;
; Number of registers using Preset             ; 0     ;
+----------------------------------------------+-------+


+-----------------------------------------------------------------------------------------------------------------------------------------------------------------------------------+
; Multiplexer Restructuring Statistics (Restructuring Performed)                                                                                                                    ;
+--------------------+-----------+---------------+----------------------+------------------------+------------+---------------------------------------------------------------------+
; Multiplexer Inputs ; Bus Width ; Baseline Area ; Area if Restructured ; Saving if Restructured ; Registered ; Example Multiplexer Output                                          ;
+--------------------+-----------+---------------+----------------------+------------------------+------------+---------------------------------------------------------------------+
; 4:1                ; 8 bits    ; 16 LEs        ; 0 LEs                ; 16 LEs                 ; Yes        ; |topEnv|top:top_inst|pwmEnv:pwm_inst|pwm:pwm_inst|count[7]          ;
; 3:1                ; 2 bits    ; 4 LEs         ; 4 LEs                ; 0 LEs                  ; No         ; |topEnv|top:top_inst|aluEnv:alu_inst|shifter:Shift_inst|horiz[2][1] ;
; 3:1                ; 2 bits    ; 4 LEs         ; 4 LEs                ; 0 LEs                  ; No         ; |topEnv|top:top_inst|aluEnv:alu_inst|shifter:Shift_inst|horiz[2][2] ;
; 4:1                ; 2 bits    ; 4 LEs         ; 4 LEs                ; 0 LEs                  ; No         ; |topEnv|top:top_inst|aluEnv:alu_inst|shifter:Shift_inst|horiz[2][5] ;
; 4:1                ; 5 bits    ; 10 LEs        ; 10 LEs               ; 0 LEs                  ; No         ; |topEnv|top:top_inst|aluEnv:alu_inst|shifter:Shift_inst|horiz[0][5] ;
; 15:1               ; 8 bits    ; 80 LEs        ; 80 LEs               ; 0 LEs                  ; No         ; |topEnv|top:top_inst|aluEnv:alu_inst|Mux1                           ;
+--------------------+-----------+---------------+----------------------+------------------------+------------+---------------------------------------------------------------------+


+------------------------------------------------------------------------+
; Parameter Settings for User Entity Instance: Top-level Entity: |topEnv ;
+----------------+-------+-----------------------------------------------+
; Parameter Name ; Value ; Type                                          ;
+----------------+-------+-----------------------------------------------+
; n              ; 8     ; Signed Integer                                ;
; k              ; 3     ; Signed Integer                                ;
+----------------+-------+-----------------------------------------------+
Note: In order to hide this table in the UI and the text report file, please set the "Show Parameter Settings in Synthesis Report" option in "Analysis and Synthesis Settings -> More Settings" to "Off".


+-----------------------------------------------------------+
; Parameter Settings for User Entity Instance: top:top_inst ;
+----------------+-------+----------------------------------+
; Parameter Name ; Value ; Type                             ;
+----------------+-------+----------------------------------+
; n              ; 8     ; Signed Integer                   ;
; k              ; 3     ; Signed Integer                   ;
+----------------+-------+----------------------------------+
Note: In order to hide this table in the UI and the text report file, please set the "Show Parameter Settings in Synthesis Report" option in "Analysis and Synthesis Settings -> More Settings" to "Off".


+---------------------------------------------------------------------------+
; Parameter Settings for User Entity Instance: top:top_inst|aluEnv:alu_inst ;
+----------------+-------+--------------------------------------------------+
; Parameter Name ; Value ; Type                                             ;
+----------------+-------+--------------------------------------------------+
; n              ; 8     ; Signed Integer                                   ;
; k              ; 3     ; Signed Integer                                   ;
+----------------+-------+--------------------------------------------------+
Note: In order to hide this table in the UI and the text report file, please set the "Show Parameter Settings in Synthesis Report" option in "Analysis and Synthesis Settings -> More Settings" to "Off".


+------------------------------------------------------------------------------------------------+
; Parameter Settings for User Entity Instance: top:top_inst|aluEnv:alu_inst|AdderSub:AddSub_inst ;
+----------------+-------+-----------------------------------------------------------------------+
; Parameter Name ; Value ; Type                                                                  ;
+----------------+-------+-----------------------------------------------------------------------+
; n              ; 8     ; Signed Integer                                                        ;
+----------------+-------+-----------------------------------------------------------------------+
Note: In order to hide this table in the UI and the text report file, please set the "Show Parameter Settings in Synthesis Report" option in "Analysis and Synthesis Settings -> More Settings" to "Off".


+----------------------------------------------------------------------------------------------+
; Parameter Settings for User Entity Instance: top:top_inst|aluEnv:alu_inst|shifter:Shift_inst ;
+----------------+-------+---------------------------------------------------------------------+
; Parameter Name ; Value ; Type                                                                ;
+----------------+-------+---------------------------------------------------------------------+
; n              ; 8     ; Signed Integer                                                      ;
; k              ; 3     ; Signed Integer                                                      ;
+----------------+-------+---------------------------------------------------------------------+
Note: In order to hide this table in the UI and the text report file, please set the "Show Parameter Settings in Synthesis Report" option in "Analysis and Synthesis Settings -> More Settings" to "Off".


+----------------------------------------------------------------------------------------------+
; Parameter Settings for User Entity Instance: top:top_inst|aluEnv:alu_inst|LOGIC:Boolean_inst ;
+----------------+-------+---------------------------------------------------------------------+
; Parameter Name ; Value ; Type                                                                ;
+----------------+-------+---------------------------------------------------------------------+
; n              ; 8     ; Signed Integer                                                      ;
+----------------+-------+---------------------------------------------------------------------+
Note: In order to hide this table in the UI and the text report file, please set the "Show Parameter Settings in Synthesis Report" option in "Analysis and Synthesis Settings -> More Settings" to "Off".


+---------------------------------------------------------------------------+
; Parameter Settings for User Entity Instance: top:top_inst|pwmEnv:pwm_inst ;
+----------------+-------+--------------------------------------------------+
; Parameter Name ; Value ; Type                                             ;
+----------------+-------+--------------------------------------------------+
; n              ; 8     ; Signed Integer                                   ;
+----------------+-------+--------------------------------------------------+
Note: In order to hide this table in the UI and the text report file, please set the "Show Parameter Settings in Synthesis Report" option in "Analysis and Synthesis Settings -> More Settings" to "Off".


+----------------------------------------------------------------------------------------+
; Parameter Settings for User Entity Instance: top:top_inst|pwmEnv:pwm_inst|pwm:pwm_inst ;
+----------------+-------+---------------------------------------------------------------+
; Parameter Name ; Value ; Type                                                          ;
+----------------+-------+---------------------------------------------------------------+
; n              ; 8     ; Signed Integer                                                ;
+----------------+-------+---------------------------------------------------------------+
Note: In order to hide this table in the UI and the text report file, please set the "Show Parameter Settings in Synthesis Report" option in "Analysis and Synthesis Settings -> More Settings" to "Off".


+-------------------------------------------------------------------------------------------------------------------------------+
; Parameter Settings for User Entity Instance: CounterEnvelope:counter_env_clk|pll:m1|pll_0002:pll_inst|altera_pll:altera_pll_i ;
+--------------------------------------+------------------------+---------------------------------------------------------------+
; Parameter Name                       ; Value                  ; Type                                                          ;
+--------------------------------------+------------------------+---------------------------------------------------------------+
; reference_clock_frequency            ; 50.0 MHz               ; String                                                        ;
; fractional_vco_multiplier            ; false                  ; String                                                        ;
; pll_type                             ; General                ; String                                                        ;
; pll_subtype                          ; General                ; String                                                        ;
; number_of_clocks                     ; 1                      ; Signed Integer                                                ;
; operation_mode                       ; direct                 ; String                                                        ;
; deserialization_factor               ; 4                      ; Signed Integer                                                ;
; data_rate                            ; 0                      ; Signed Integer                                                ;
; sim_additional_refclk_cycles_to_lock ; 0                      ; Signed Integer                                                ;
; output_clock_frequency0              ; 2.000000 MHz           ; String                                                        ;
; phase_shift0                         ; 0 ps                   ; String                                                        ;
; duty_cycle0                          ; 50                     ; Signed Integer                                                ;
; output_clock_frequency1              ; 0 MHz                  ; String                                                        ;
; phase_shift1                         ; 0 ps                   ; String                                                        ;
; duty_cycle1                          ; 50                     ; Signed Integer                                                ;
; output_clock_frequency2              ; 0 MHz                  ; String                                                        ;
; phase_shift2                         ; 0 ps                   ; String                                                        ;
; duty_cycle2                          ; 50                     ; Signed Integer                                                ;
; output_clock_frequency3              ; 0 MHz                  ; String                                                        ;
; phase_shift3                         ; 0 ps                   ; String                                                        ;
; duty_cycle3                          ; 50                     ; Signed Integer                                                ;
; output_clock_frequency4              ; 0 MHz                  ; String                                                        ;
; phase_shift4                         ; 0 ps                   ; String                                                        ;
; duty_cycle4                          ; 50                     ; Signed Integer                                                ;
; output_clock_frequency5              ; 0 MHz                  ; String                                                        ;
; phase_shift5                         ; 0 ps                   ; String                                                        ;
; duty_cycle5                          ; 50                     ; Signed Integer                                                ;
; output_clock_frequency6              ; 0 MHz                  ; String                                                        ;
; phase_shift6                         ; 0 ps                   ; String                                                        ;
; duty_cycle6                          ; 50                     ; Signed Integer                                                ;
; output_clock_frequency7              ; 0 MHz                  ; String                                                        ;
; phase_shift7                         ; 0 ps                   ; String                                                        ;
; duty_cycle7                          ; 50                     ; Signed Integer                                                ;
; output_clock_frequency8              ; 0 MHz                  ; String                                                        ;
; phase_shift8                         ; 0 ps                   ; String                                                        ;
; duty_cycle8                          ; 50                     ; Signed Integer                                                ;
; output_clock_frequency9              ; 0 MHz                  ; String                                                        ;
; phase_shift9                         ; 0 ps                   ; String                                                        ;
; duty_cycle9                          ; 50                     ; Signed Integer                                                ;
; output_clock_frequency10             ; 0 MHz                  ; String                                                        ;
; phase_shift10                        ; 0 ps                   ; String                                                        ;
; duty_cycle10                         ; 50                     ; Signed Integer                                                ;
; output_clock_frequency11             ; 0 MHz                  ; String                                                        ;
; phase_shift11                        ; 0 ps                   ; String                                                        ;
; duty_cycle11                         ; 50                     ; Signed Integer                                                ;
; output_clock_frequency12             ; 0 MHz                  ; String                                                        ;
; phase_shift12                        ; 0 ps                   ; String                                                        ;
; duty_cycle12                         ; 50                     ; Signed Integer                                                ;
; output_clock_frequency13             ; 0 MHz                  ; String                                                        ;
; phase_shift13                        ; 0 ps                   ; String                                                        ;
; duty_cycle13                         ; 50                     ; Signed Integer                                                ;
; output_clock_frequency14             ; 0 MHz                  ; String                                                        ;
; phase_shift14                        ; 0 ps                   ; String                                                        ;
; duty_cycle14                         ; 50                     ; Signed Integer                                                ;
; output_clock_frequency15             ; 0 MHz                  ; String                                                        ;
; phase_shift15                        ; 0 ps                   ; String                                                        ;
; duty_cycle15                         ; 50                     ; Signed Integer                                                ;
; output_clock_frequency16             ; 0 MHz                  ; String                                                        ;
; phase_shift16                        ; 0 ps                   ; String                                                        ;
; duty_cycle16                         ; 50                     ; Signed Integer                                                ;
; output_clock_frequency17             ; 0 MHz                  ; String                                                        ;
; phase_shift17                        ; 0 ps                   ; String                                                        ;
; duty_cycle17                         ; 50                     ; Signed Integer                                                ;
; clock_name_0                         ;                        ; String                                                        ;
; clock_name_1                         ;                        ; String                                                        ;
; clock_name_2                         ;                        ; String                                                        ;
; clock_name_3                         ;                        ; String                                                        ;
; clock_name_4                         ;                        ; String                                                        ;
; clock_name_5                         ;                        ; String                                                        ;
; clock_name_6                         ;                        ; String                                                        ;
; clock_name_7                         ;                        ; String                                                        ;
; clock_name_8                         ;                        ; String                                                        ;
; clock_name_global_0                  ; false                  ; String                                                        ;
; clock_name_global_1                  ; false                  ; String                                                        ;
; clock_name_global_2                  ; false                  ; String                                                        ;
; clock_name_global_3                  ; false                  ; String                                                        ;
; clock_name_global_4                  ; false                  ; String                                                        ;
; clock_name_global_5                  ; false                  ; String                                                        ;
; clock_name_global_6                  ; false                  ; String                                                        ;
; clock_name_global_7                  ; false                  ; String                                                        ;
; clock_name_global_8                  ; false                  ; String                                                        ;
; m_cnt_hi_div                         ; 1                      ; Signed Integer                                                ;
; m_cnt_lo_div                         ; 1                      ; Signed Integer                                                ;
; m_cnt_bypass_en                      ; false                  ; String                                                        ;
; m_cnt_odd_div_duty_en                ; false                  ; String                                                        ;
; n_cnt_hi_div                         ; 1                      ; Signed Integer                                                ;
; n_cnt_lo_div                         ; 1                      ; Signed Integer                                                ;
; n_cnt_bypass_en                      ; false                  ; String                                                        ;
; n_cnt_odd_div_duty_en                ; false                  ; String                                                        ;
; c_cnt_hi_div0                        ; 1                      ; Signed Integer                                                ;
; c_cnt_lo_div0                        ; 1                      ; Signed Integer                                                ;
; c_cnt_bypass_en0                     ; false                  ; String                                                        ;
; c_cnt_in_src0                        ; ph_mux_clk             ; String                                                        ;
; c_cnt_odd_div_duty_en0               ; false                  ; String                                                        ;
; c_cnt_prst0                          ; 1                      ; Signed Integer                                                ;
; c_cnt_ph_mux_prst0                   ; 0                      ; Signed Integer                                                ;
; c_cnt_hi_div1                        ; 1                      ; Signed Integer                                                ;
; c_cnt_lo_div1                        ; 1                      ; Signed Integer                                                ;
; c_cnt_bypass_en1                     ; false                  ; String                                                        ;
; c_cnt_in_src1                        ; ph_mux_clk             ; String                                                        ;
; c_cnt_odd_div_duty_en1               ; false                  ; String                                                        ;
; c_cnt_prst1                          ; 1                      ; Signed Integer                                                ;
; c_cnt_ph_mux_prst1                   ; 0                      ; Signed Integer                                                ;
; c_cnt_hi_div2                        ; 1                      ; Signed Integer                                                ;
; c_cnt_lo_div2                        ; 1                      ; Signed Integer                                                ;
; c_cnt_bypass_en2                     ; false                  ; String                                                        ;
; c_cnt_in_src2                        ; ph_mux_clk             ; String                                                        ;
; c_cnt_odd_div_duty_en2               ; false                  ; String                                                        ;
; c_cnt_prst2                          ; 1                      ; Signed Integer                                                ;
; c_cnt_ph_mux_prst2                   ; 0                      ; Signed Integer                                                ;
; c_cnt_hi_div3                        ; 1                      ; Signed Integer                                                ;
; c_cnt_lo_div3                        ; 1                      ; Signed Integer                                                ;
; c_cnt_bypass_en3                     ; false                  ; String                                                        ;
; c_cnt_in_src3                        ; ph_mux_clk             ; String                                                        ;
; c_cnt_odd_div_duty_en3               ; false                  ; String                                                        ;
; c_cnt_prst3                          ; 1                      ; Signed Integer                                                ;
; c_cnt_ph_mux_prst3                   ; 0                      ; Signed Integer                                                ;
; c_cnt_hi_div4                        ; 1                      ; Signed Integer                                                ;
; c_cnt_lo_div4                        ; 1                      ; Signed Integer                                                ;
; c_cnt_bypass_en4                     ; false                  ; String                                                        ;
; c_cnt_in_src4                        ; ph_mux_clk             ; String                                                        ;
; c_cnt_odd_div_duty_en4               ; false                  ; String                                                        ;
; c_cnt_prst4                          ; 1                      ; Signed Integer                                                ;
; c_cnt_ph_mux_prst4                   ; 0                      ; Signed Integer                                                ;
; c_cnt_hi_div5                        ; 1                      ; Signed Integer                                                ;
; c_cnt_lo_div5                        ; 1                      ; Signed Integer                                                ;
; c_cnt_bypass_en5                     ; false                  ; String                                                        ;
; c_cnt_in_src5                        ; ph_mux_clk             ; String                                                        ;
; c_cnt_odd_div_duty_en5               ; false                  ; String                                                        ;
; c_cnt_prst5                          ; 1                      ; Signed Integer                                                ;
; c_cnt_ph_mux_prst5                   ; 0                      ; Signed Integer                                                ;
; c_cnt_hi_div6                        ; 1                      ; Signed Integer                                                ;
; c_cnt_lo_div6                        ; 1                      ; Signed Integer                                                ;
; c_cnt_bypass_en6                     ; false                  ; String                                                        ;
; c_cnt_in_src6                        ; ph_mux_clk             ; String                                                        ;
; c_cnt_odd_div_duty_en6               ; false                  ; String                                                        ;
; c_cnt_prst6                          ; 1                      ; Signed Integer                                                ;
; c_cnt_ph_mux_prst6                   ; 0                      ; Signed Integer                                                ;
; c_cnt_hi_div7                        ; 1                      ; Signed Integer                                                ;
; c_cnt_lo_div7                        ; 1                      ; Signed Integer                                                ;
; c_cnt_bypass_en7                     ; false                  ; String                                                        ;
; c_cnt_in_src7                        ; ph_mux_clk             ; String                                                        ;
; c_cnt_odd_div_duty_en7               ; false                  ; String                                                        ;
; c_cnt_prst7                          ; 1                      ; Signed Integer                                                ;
; c_cnt_ph_mux_prst7                   ; 0                      ; Signed Integer                                                ;
; c_cnt_hi_div8                        ; 1                      ; Signed Integer                                                ;
; c_cnt_lo_div8                        ; 1                      ; Signed Integer                                                ;
; c_cnt_bypass_en8                     ; false                  ; String                                                        ;
; c_cnt_in_src8                        ; ph_mux_clk             ; String                                                        ;
; c_cnt_odd_div_duty_en8               ; false                  ; String                                                        ;
; c_cnt_prst8                          ; 1                      ; Signed Integer                                                ;
; c_cnt_ph_mux_prst8                   ; 0                      ; Signed Integer                                                ;
; c_cnt_hi_div9                        ; 1                      ; Signed Integer                                                ;
; c_cnt_lo_div9                        ; 1                      ; Signed Integer                                                ;
; c_cnt_bypass_en9                     ; false                  ; String                                                        ;
; c_cnt_in_src9                        ; ph_mux_clk             ; String                                                        ;
; c_cnt_odd_div_duty_en9               ; false                  ; String                                                        ;
; c_cnt_prst9                          ; 1                      ; Signed Integer                                                ;
; c_cnt_ph_mux_prst9                   ; 0                      ; Signed Integer                                                ;
; c_cnt_hi_div10                       ; 1                      ; Signed Integer                                                ;
; c_cnt_lo_div10                       ; 1                      ; Signed Integer                                                ;
; c_cnt_bypass_en10                    ; false                  ; String                                                        ;
; c_cnt_in_src10                       ; ph_mux_clk             ; String                                                        ;
; c_cnt_odd_div_duty_en10              ; false                  ; String                                                        ;
; c_cnt_prst10                         ; 1                      ; Signed Integer                                                ;
; c_cnt_ph_mux_prst10                  ; 0                      ; Signed Integer                                                ;
; c_cnt_hi_div11                       ; 1                      ; Signed Integer                                                ;
; c_cnt_lo_div11                       ; 1                      ; Signed Integer                                                ;
; c_cnt_bypass_en11                    ; false                  ; String                                                        ;
; c_cnt_in_src11                       ; ph_mux_clk             ; String                                                        ;
; c_cnt_odd_div_duty_en11              ; false                  ; String                                                        ;
; c_cnt_prst11                         ; 1                      ; Signed Integer                                                ;
; c_cnt_ph_mux_prst11                  ; 0                      ; Signed Integer                                                ;
; c_cnt_hi_div12                       ; 1                      ; Signed Integer                                                ;
; c_cnt_lo_div12                       ; 1                      ; Signed Integer                                                ;
; c_cnt_bypass_en12                    ; false                  ; String                                                        ;
; c_cnt_in_src12                       ; ph_mux_clk             ; String                                                        ;
; c_cnt_odd_div_duty_en12              ; false                  ; String                                                        ;
; c_cnt_prst12                         ; 1                      ; Signed Integer                                                ;
; c_cnt_ph_mux_prst12                  ; 0                      ; Signed Integer                                                ;
; c_cnt_hi_div13                       ; 1                      ; Signed Integer                                                ;
; c_cnt_lo_div13                       ; 1                      ; Signed Integer                                                ;
; c_cnt_bypass_en13                    ; false                  ; String                                                        ;
; c_cnt_in_src13                       ; ph_mux_clk             ; String                                                        ;
; c_cnt_odd_div_duty_en13              ; false                  ; String                                                        ;
; c_cnt_prst13                         ; 1                      ; Signed Integer                                                ;
; c_cnt_ph_mux_prst13                  ; 0                      ; Signed Integer                                                ;
; c_cnt_hi_div14                       ; 1                      ; Signed Integer                                                ;
; c_cnt_lo_div14                       ; 1                      ; Signed Integer                                                ;
; c_cnt_bypass_en14                    ; false                  ; String                                                        ;
; c_cnt_in_src14                       ; ph_mux_clk             ; String                                                        ;
; c_cnt_odd_div_duty_en14              ; false                  ; String                                                        ;
; c_cnt_prst14                         ; 1                      ; Signed Integer                                                ;
; c_cnt_ph_mux_prst14                  ; 0                      ; Signed Integer                                                ;
; c_cnt_hi_div15                       ; 1                      ; Signed Integer                                                ;
; c_cnt_lo_div15                       ; 1                      ; Signed Integer                                                ;
; c_cnt_bypass_en15                    ; false                  ; String                                                        ;
; c_cnt_in_src15                       ; ph_mux_clk             ; String                                                        ;
; c_cnt_odd_div_duty_en15              ; false                  ; String                                                        ;
; c_cnt_prst15                         ; 1                      ; Signed Integer                                                ;
; c_cnt_ph_mux_prst15                  ; 0                      ; Signed Integer                                                ;
; c_cnt_hi_div16                       ; 1                      ; Signed Integer                                                ;
; c_cnt_lo_div16                       ; 1                      ; Signed Integer                                                ;
; c_cnt_bypass_en16                    ; false                  ; String                                                        ;
; c_cnt_in_src16                       ; ph_mux_clk             ; String                                                        ;
; c_cnt_odd_div_duty_en16              ; false                  ; String                                                        ;
; c_cnt_prst16                         ; 1                      ; Signed Integer                                                ;
; c_cnt_ph_mux_prst16                  ; 0                      ; Signed Integer                                                ;
; c_cnt_hi_div17                       ; 1                      ; Signed Integer                                                ;
; c_cnt_lo_div17                       ; 1                      ; Signed Integer                                                ;
; c_cnt_bypass_en17                    ; false                  ; String                                                        ;
; c_cnt_in_src17                       ; ph_mux_clk             ; String                                                        ;
; c_cnt_odd_div_duty_en17              ; false                  ; String                                                        ;
; c_cnt_prst17                         ; 1                      ; Signed Integer                                                ;
; c_cnt_ph_mux_prst17                  ; 0                      ; Signed Integer                                                ;
; pll_vco_div                          ; 1                      ; Signed Integer                                                ;
; pll_slf_rst                          ; false                  ; String                                                        ;
; pll_bw_sel                           ; low                    ; String                                                        ;
; pll_output_clk_frequency             ; 0 MHz                  ; String                                                        ;
; pll_cp_current                       ; 0                      ; Signed Integer                                                ;
; pll_bwctrl                           ; 0                      ; Signed Integer                                                ;
; pll_fractional_division              ; 1                      ; Signed Integer                                                ;
; pll_fractional_cout                  ; 24                     ; Signed Integer                                                ;
; pll_dsm_out_sel                      ; 1st_order              ; String                                                        ;
; mimic_fbclk_type                     ; gclk                   ; String                                                        ;
; pll_fbclk_mux_1                      ; glb                    ; String                                                        ;
; pll_fbclk_mux_2                      ; fb_1                   ; String                                                        ;
; pll_m_cnt_in_src                     ; ph_mux_clk             ; String                                                        ;
; pll_vcoph_div                        ; 1                      ; Signed Integer                                                ;
; refclk1_frequency                    ; 0 MHz                  ; String                                                        ;
; pll_clkin_0_src                      ; clk_0                  ; String                                                        ;
; pll_clkin_1_src                      ; clk_0                  ; String                                                        ;
; pll_clk_loss_sw_en                   ; false                  ; String                                                        ;
; pll_auto_clk_sw_en                   ; false                  ; String                                                        ;
; pll_manu_clk_sw_en                   ; false                  ; String                                                        ;
; pll_clk_sw_dly                       ; 0                      ; Signed Integer                                                ;
; pll_extclk_0_cnt_src                 ; pll_extclk_cnt_src_vss ; String                                                        ;
; pll_extclk_1_cnt_src                 ; pll_extclk_cnt_src_vss ; String                                                        ;
+--------------------------------------+------------------------+---------------------------------------------------------------+
Note: In order to hide this table in the UI and the text report file, please set the "Show Parameter Settings in Synthesis Report" option in "Analysis and Synthesis Settings -> More Settings" to "Off".


+------------------------------------------------------------------------------------------------------------------+
; Port Connectivity Checks: "CounterEnvelope:counter_env_clk|pll:m1"                                               ;
+--------+--------+----------+-------------------------------------------------------------------------------------+
; Port   ; Type   ; Severity ; Details                                                                             ;
+--------+--------+----------+-------------------------------------------------------------------------------------+
; rst    ; Input  ; Info     ; Stuck at GND                                                                        ;
; locked ; Output ; Info     ; Connected to dangling logic. Logic that only feeds a dangling port will be removed. ;
+--------+--------+----------+-------------------------------------------------------------------------------------+


+-----------------------------------------------------+
; Post-Synthesis Netlist Statistics for Top Partition ;
+-----------------------+-----------------------------+
; Type                  ; Count                       ;
+-----------------------+-----------------------------+
; arriav_ff             ; 37                          ;
;     ENA               ; 21                          ;
;     ENA SCLR          ; 8                           ;
;     plain             ; 8                           ;
; arriav_lcell_comb     ; 137                         ;
;     arith             ; 8                           ;
;         1 data inputs ; 8                           ;
;     normal            ; 129                         ;
;         1 data inputs ; 1                           ;
;         2 data inputs ; 8                           ;
;         3 data inputs ; 24                          ;
;         4 data inputs ; 30                          ;
;         5 data inputs ; 11                          ;
;         6 data inputs ; 55                          ;
; boundary_port         ; 48                          ;
; generic_pll           ; 1                           ;
;                       ;                             ;
; Max LUT depth         ; 5.00                        ;
; Average LUT depth     ; 3.55                        ;
+-----------------------+-----------------------------+


+-------------------------------+
; Elapsed Time Per Partition    ;
+----------------+--------------+
; Partition Name ; Elapsed Time ;
+----------------+--------------+
; Top            ; 00:00:02     ;
+----------------+--------------+


+-------------------------------+
; Analysis & Synthesis Messages ;
+-------------------------------+
Info: *******************************************************************
Info: Running Quartus Prime Analysis & Synthesis
    Info: Version 21.1.0 Build 842 10/21/2021 SJ Lite Edition
    Info: Processing started: Wed Jul  3 15:37:09 2024
Info: Command: quartus_map --read_settings_files=on --write_settings_files=off LAB4_FPGA -c top
Warning (18236): Number of processors has not been specified which may cause overloading on shared machines.  Set the global assignment NUM_PARALLEL_PROCESSORS in your QSF to an appropriate value for best performance.
Info (20030): Parallel compilation is enabled and will use 4 of the 4 processors detected
Info (12021): Found 2 design units, including 1 entities, in source file /users/elado/desktop/vhdl_lab/cpuarchitecture-vhdl/lab4fpgaquartusmemory/dut/topenv.vhd
    Info (12022): Found design unit 1: topEnv-dataflow File: C:/Users/elado/Desktop/vhdl_lab/CPUArchitecture-VHDL/LAB4FPGAQuartusMemory/DUT/topEnv.vhd Line: 20
    Info (12023): Found entity 1: topEnv File: C:/Users/elado/Desktop/vhdl_lab/CPUArchitecture-VHDL/LAB4FPGAQuartusMemory/DUT/topEnv.vhd Line: 5
Info (12021): Found 2 design units, including 1 entities, in source file /users/elado/desktop/vhdl_lab/cpuarchitecture-vhdl/lab4fpgaquartusmemory/dut/top.vhd
    Info (12022): Found design unit 1: top-dataflow File: C:/Users/elado/Desktop/vhdl_lab/CPUArchitecture-VHDL/LAB4FPGAQuartusMemory/DUT/top.vhd Line: 17
    Info (12023): Found entity 1: top File: C:/Users/elado/Desktop/vhdl_lab/CPUArchitecture-VHDL/LAB4FPGAQuartusMemory/DUT/top.vhd Line: 5
Info (12021): Found 2 design units, including 1 entities, in source file /users/elado/desktop/vhdl_lab/cpuarchitecture-vhdl/lab4fpgaquartusmemory/dut/counterenvelope.vhd
    Info (12022): Found design unit 1: CounterEnvelope-rtl File: C:/Users/elado/Desktop/vhdl_lab/CPUArchitecture-VHDL/LAB4FPGAQuartusMemory/DUT/CounterEnvelope.vhd Line: 11
    Info (12023): Found entity 1: CounterEnvelope File: C:/Users/elado/Desktop/vhdl_lab/CPUArchitecture-VHDL/LAB4FPGAQuartusMemory/DUT/CounterEnvelope.vhd Line: 6
Info (12021): Found 2 design units, including 1 entities, in source file /users/elado/desktop/vhdl_lab/cpuarchitecture-vhdl/lab4fpgaquartusmemory/dut/aluenv.vhd
    Info (12022): Found design unit 1: aluEnv-struct File: C:/Users/elado/Desktop/vhdl_lab/CPUArchitecture-VHDL/LAB4FPGAQuartusMemory/DUT/ALUenv.vhd Line: 19
    Info (12023): Found entity 1: aluEnv File: C:/Users/elado/Desktop/vhdl_lab/CPUArchitecture-VHDL/LAB4FPGAQuartusMemory/DUT/ALUenv.vhd Line: 5
Info (12021): Found 2 design units, including 1 entities, in source file /users/elado/desktop/vhdl_lab/cpuarchitecture-vhdl/lab4fpgaquartusmemory/dut/shifter.vhd
    Info (12022): Found design unit 1: shifter-dataflow File: C:/Users/elado/Desktop/vhdl_lab/CPUArchitecture-VHDL/LAB4FPGAQuartusMemory/DUT/Shifter.vhd Line: 16
    Info (12023): Found entity 1: shifter File: C:/Users/elado/Desktop/vhdl_lab/CPUArchitecture-VHDL/LAB4FPGAQuartusMemory/DUT/Shifter.vhd Line: 5
Info (12021): Found 2 design units, including 1 entities, in source file /users/elado/desktop/vhdl_lab/cpuarchitecture-vhdl/lab4fpgaquartusmemory/dut/pwmenv.vhd
    Info (12022): Found design unit 1: pwmEnv-dataflow File: C:/Users/elado/Desktop/vhdl_lab/CPUArchitecture-VHDL/LAB4FPGAQuartusMemory/DUT/PWMenv.vhd Line: 15
    Info (12023): Found entity 1: pwmEnv File: C:/Users/elado/Desktop/vhdl_lab/CPUArchitecture-VHDL/LAB4FPGAQuartusMemory/DUT/PWMenv.vhd Line: 5
Info (12021): Found 2 design units, including 1 entities, in source file /users/elado/desktop/vhdl_lab/cpuarchitecture-vhdl/lab4fpgaquartusmemory/dut/pwm.vhd
    Info (12022): Found design unit 1: pwm-dataflow File: C:/Users/elado/Desktop/vhdl_lab/CPUArchitecture-VHDL/LAB4FPGAQuartusMemory/DUT/PWM.vhd Line: 16
    Info (12023): Found entity 1: pwm File: C:/Users/elado/Desktop/vhdl_lab/CPUArchitecture-VHDL/LAB4FPGAQuartusMemory/DUT/PWM.vhd Line: 7
Info (12021): Found 2 design units, including 1 entities, in source file /users/elado/desktop/vhdl_lab/cpuarchitecture-vhdl/lab4fpgaquartusmemory/dut/logic.vhd
    Info (12022): Found design unit 1: LOGIC-dataflow File: C:/Users/elado/Desktop/vhdl_lab/CPUArchitecture-VHDL/LAB4FPGAQuartusMemory/DUT/Logic.vhd Line: 12
    Info (12023): Found entity 1: LOGIC File: C:/Users/elado/Desktop/vhdl_lab/CPUArchitecture-VHDL/LAB4FPGAQuartusMemory/DUT/Logic.vhd Line: 4
Info (12021): Found 2 design units, including 1 entities, in source file /users/elado/desktop/vhdl_lab/cpuarchitecture-vhdl/lab4fpgaquartusmemory/dut/fa.vhd
    Info (12022): Found design unit 1: FA-dataflow File: C:/Users/elado/Desktop/vhdl_lab/CPUArchitecture-VHDL/LAB4FPGAQuartusMemory/DUT/FA.vhd Line: 10
    Info (12023): Found entity 1: FA File: C:/Users/elado/Desktop/vhdl_lab/CPUArchitecture-VHDL/LAB4FPGAQuartusMemory/DUT/FA.vhd Line: 4
Info (12021): Found 2 design units, including 1 entities, in source file /users/elado/desktop/vhdl_lab/cpuarchitecture-vhdl/lab4fpgaquartusmemory/dut/counter.vhd
    Info (12022): Found design unit 1: counter-rtl File: C:/Users/elado/Desktop/vhdl_lab/CPUArchitecture-VHDL/LAB4FPGAQuartusMemory/DUT/counter.vhd Line: 10
    Info (12023): Found entity 1: counter File: C:/Users/elado/Desktop/vhdl_lab/CPUArchitecture-VHDL/LAB4FPGAQuartusMemory/DUT/counter.vhd Line: 5
Info (12021): Found 1 design units, including 0 entities, in source file /users/elado/desktop/vhdl_lab/cpuarchitecture-vhdl/lab4fpgaquartusmemory/dut/aux_package.vhd
    Info (12022): Found design unit 1: aux_package File: C:/Users/elado/Desktop/vhdl_lab/CPUArchitecture-VHDL/LAB4FPGAQuartusMemory/DUT/aux_package.vhd Line: 5
Info (12021): Found 2 design units, including 1 entities, in source file /users/elado/desktop/vhdl_lab/cpuarchitecture-vhdl/lab4fpgaquartusmemory/dut/addersub.vhd
    Info (12022): Found design unit 1: AdderSub-dataflow File: C:/Users/elado/Desktop/vhdl_lab/CPUArchitecture-VHDL/LAB4FPGAQuartusMemory/DUT/AdderSub.vhd Line: 14
    Info (12023): Found entity 1: AdderSub File: C:/Users/elado/Desktop/vhdl_lab/CPUArchitecture-VHDL/LAB4FPGAQuartusMemory/DUT/AdderSub.vhd Line: 5
Info (12021): Found 2 design units, including 1 entities, in source file pll.vhd
    Info (12022): Found design unit 1: pll-rtl File: C:/Users/elado/Desktop/vhdl_lab/CPUArchitecture-VHDL/LAB4FPGAQuartusMemory/Quartus/pll.vhd Line: 20
    Info (12023): Found entity 1: pll File: C:/Users/elado/Desktop/vhdl_lab/CPUArchitecture-VHDL/LAB4FPGAQuartusMemory/Quartus/pll.vhd Line: 11
Info (12021): Found 1 design units, including 1 entities, in source file pll/pll_0002.v
    Info (12023): Found entity 1: pll_0002 File: C:/Users/elado/Desktop/vhdl_lab/CPUArchitecture-VHDL/LAB4FPGAQuartusMemory/Quartus/pll/pll_0002.v Line: 2
Info (12127): Elaborating entity "topEnv" for the top level hierarchy
Info (12128): Elaborating entity "top" for hierarchy "top:top_inst" File: C:/Users/elado/Desktop/vhdl_lab/CPUArchitecture-VHDL/LAB4FPGAQuartusMemory/DUT/topEnv.vhd Line: 28
Info (12128): Elaborating entity "aluEnv" for hierarchy "top:top_inst|aluEnv:alu_inst" File: C:/Users/elado/Desktop/vhdl_lab/CPUArchitecture-VHDL/LAB4FPGAQuartusMemory/DUT/top.vhd Line: 26
Info (12128): Elaborating entity "AdderSub" for hierarchy "top:top_inst|aluEnv:alu_inst|AdderSub:AddSub_inst" File: C:/Users/elado/Desktop/vhdl_lab/CPUArchitecture-VHDL/LAB4FPGAQuartusMemory/DUT/ALUenv.vhd Line: 30
Info (12128): Elaborating entity "FA" for hierarchy "top:top_inst|aluEnv:alu_inst|AdderSub:AddSub_inst|FA:FA0" File: C:/Users/elado/Desktop/vhdl_lab/CPUArchitecture-VHDL/LAB4FPGAQuartusMemory/DUT/AdderSub.vhd Line: 24
Info (12128): Elaborating entity "shifter" for hierarchy "top:top_inst|aluEnv:alu_inst|shifter:Shift_inst" File: C:/Users/elado/Desktop/vhdl_lab/CPUArchitecture-VHDL/LAB4FPGAQuartusMemory/DUT/ALUenv.vhd Line: 32
Info (12128): Elaborating entity "LOGIC" for hierarchy "top:top_inst|aluEnv:alu_inst|LOGIC:Boolean_inst" File: C:/Users/elado/Desktop/vhdl_lab/CPUArchitecture-VHDL/LAB4FPGAQuartusMemory/DUT/ALUenv.vhd Line: 34
Info (12128): Elaborating entity "pwmEnv" for hierarchy "top:top_inst|pwmEnv:pwm_inst" File: C:/Users/elado/Desktop/vhdl_lab/CPUArchitecture-VHDL/LAB4FPGAQuartusMemory/DUT/top.vhd Line: 29
Warning (10540): VHDL Signal Declaration warning at PWMenv.vhd(18): used explicit default value for signal "zeros_vector" because signal was never assigned a value File: C:/Users/elado/Desktop/vhdl_lab/CPUArchitecture-VHDL/LAB4FPGAQuartusMemory/DUT/PWMenv.vhd Line: 18
Info (12128): Elaborating entity "pwm" for hierarchy "top:top_inst|pwmEnv:pwm_inst|pwm:pwm_inst" File: C:/Users/elado/Desktop/vhdl_lab/CPUArchitecture-VHDL/LAB4FPGAQuartusMemory/DUT/PWMenv.vhd Line: 22
Info (12128): Elaborating entity "CounterEnvelope" for hierarchy "CounterEnvelope:counter_env_clk" File: C:/Users/elado/Desktop/vhdl_lab/CPUArchitecture-VHDL/LAB4FPGAQuartusMemory/DUT/topEnv.vhd Line: 31
Info (12128): Elaborating entity "pll" for hierarchy "CounterEnvelope:counter_env_clk|pll:m1" File: C:/Users/elado/Desktop/vhdl_lab/CPUArchitecture-VHDL/LAB4FPGAQuartusMemory/DUT/CounterEnvelope.vhd Line: 18
Info (12128): Elaborating entity "pll_0002" for hierarchy "CounterEnvelope:counter_env_clk|pll:m1|pll_0002:pll_inst" File: C:/Users/elado/Desktop/vhdl_lab/CPUArchitecture-VHDL/LAB4FPGAQuartusMemory/Quartus/pll.vhd Line: 32
Info (12128): Elaborating entity "altera_pll" for hierarchy "CounterEnvelope:counter_env_clk|pll:m1|pll_0002:pll_inst|altera_pll:altera_pll_i" File: C:/Users/elado/Desktop/vhdl_lab/CPUArchitecture-VHDL/LAB4FPGAQuartusMemory/Quartus/pll/pll_0002.v Line: 85
Info (10008): Verilog HDL or VHDL information: EDA Netlist Writer cannot regroup multidimensional array "wire_to_nowhere_64" into its bus
Info (12130): Elaborated megafunction instantiation "CounterEnvelope:counter_env_clk|pll:m1|pll_0002:pll_inst|altera_pll:altera_pll_i" File: C:/Users/elado/Desktop/vhdl_lab/CPUArchitecture-VHDL/LAB4FPGAQuartusMemory/Quartus/pll/pll_0002.v Line: 85
Info (12133): Instantiated megafunction "CounterEnvelope:counter_env_clk|pll:m1|pll_0002:pll_inst|altera_pll:altera_pll_i" with the following parameter: File: C:/Users/elado/Desktop/vhdl_lab/CPUArchitecture-VHDL/LAB4FPGAQuartusMemory/Quartus/pll/pll_0002.v Line: 85
    Info (12134): Parameter "fractional_vco_multiplier" = "false"
    Info (12134): Parameter "reference_clock_frequency" = "50.0 MHz"
    Info (12134): Parameter "operation_mode" = "direct"
    Info (12134): Parameter "number_of_clocks" = "1"
    Info (12134): Parameter "output_clock_frequency0" = "2.000000 MHz"
    Info (12134): Parameter "phase_shift0" = "0 ps"
    Info (12134): Parameter "duty_cycle0" = "50"
    Info (12134): Parameter "output_clock_frequency1" = "0 MHz"
    Info (12134): Parameter "phase_shift1" = "0 ps"
    Info (12134): Parameter "duty_cycle1" = "50"
    Info (12134): Parameter "output_clock_frequency2" = "0 MHz"
    Info (12134): Parameter "phase_shift2" = "0 ps"
    Info (12134): Parameter "duty_cycle2" = "50"
    Info (12134): Parameter "output_clock_frequency3" = "0 MHz"
    Info (12134): Parameter "phase_shift3" = "0 ps"
    Info (12134): Parameter "duty_cycle3" = "50"
    Info (12134): Parameter "output_clock_frequency4" = "0 MHz"
    Info (12134): Parameter "phase_shift4" = "0 ps"
    Info (12134): Parameter "duty_cycle4" = "50"
    Info (12134): Parameter "output_clock_frequency5" = "0 MHz"
    Info (12134): Parameter "phase_shift5" = "0 ps"
    Info (12134): Parameter "duty_cycle5" = "50"
    Info (12134): Parameter "output_clock_frequency6" = "0 MHz"
    Info (12134): Parameter "phase_shift6" = "0 ps"
    Info (12134): Parameter "duty_cycle6" = "50"
    Info (12134): Parameter "output_clock_frequency7" = "0 MHz"
    Info (12134): Parameter "phase_shift7" = "0 ps"
    Info (12134): Parameter "duty_cycle7" = "50"
    Info (12134): Parameter "output_clock_frequency8" = "0 MHz"
    Info (12134): Parameter "phase_shift8" = "0 ps"
    Info (12134): Parameter "duty_cycle8" = "50"
    Info (12134): Parameter "output_clock_frequency9" = "0 MHz"
    Info (12134): Parameter "phase_shift9" = "0 ps"
    Info (12134): Parameter "duty_cycle9" = "50"
    Info (12134): Parameter "output_clock_frequency10" = "0 MHz"
    Info (12134): Parameter "phase_shift10" = "0 ps"
    Info (12134): Parameter "duty_cycle10" = "50"
    Info (12134): Parameter "output_clock_frequency11" = "0 MHz"
    Info (12134): Parameter "phase_shift11" = "0 ps"
    Info (12134): Parameter "duty_cycle11" = "50"
    Info (12134): Parameter "output_clock_frequency12" = "0 MHz"
    Info (12134): Parameter "phase_shift12" = "0 ps"
    Info (12134): Parameter "duty_cycle12" = "50"
    Info (12134): Parameter "output_clock_frequency13" = "0 MHz"
    Info (12134): Parameter "phase_shift13" = "0 ps"
    Info (12134): Parameter "duty_cycle13" = "50"
    Info (12134): Parameter "output_clock_frequency14" = "0 MHz"
    Info (12134): Parameter "phase_shift14" = "0 ps"
    Info (12134): Parameter "duty_cycle14" = "50"
    Info (12134): Parameter "output_clock_frequency15" = "0 MHz"
    Info (12134): Parameter "phase_shift15" = "0 ps"
    Info (12134): Parameter "duty_cycle15" = "50"
    Info (12134): Parameter "output_clock_frequency16" = "0 MHz"
    Info (12134): Parameter "phase_shift16" = "0 ps"
    Info (12134): Parameter "duty_cycle16" = "50"
    Info (12134): Parameter "output_clock_frequency17" = "0 MHz"
    Info (12134): Parameter "phase_shift17" = "0 ps"
    Info (12134): Parameter "duty_cycle17" = "50"
    Info (12134): Parameter "pll_type" = "General"
    Info (12134): Parameter "pll_subtype" = "General"
Info (286030): Timing-Driven Synthesis is running
Info (16010): Generating hard_block partition "hard_block:auto_generated_inst"
    Info (16011): Adding 3 node(s), including 0 DDIO, 1 PLL, 0 transceiver and 0 LCELL
Warning: RST port on the PLL is not properly connected on instance CounterEnvelope:counter_env_clk|pll:m1|pll_0002:pll_inst|altera_pll:altera_pll_i|general[0].gpll. The reset port on the PLL should be connected. If the PLL loses lock for any reason, you might need to manually reset the PLL in order to re-establish lock to the reference clock. File: c:/intelfpga_lite/21.1/quartus/libraries/megafunctions/altera_pll.v Line: 749
    Info: Must be connected
Info (21057): Implemented 207 device resources after synthesis - the final resource count might be different
    Info (21058): Implemented 14 input pins
    Info (21059): Implemented 34 output pins
    Info (21061): Implemented 158 logic cells
    Info (21065): Implemented 1 PLLs
Info: Quartus Prime Analysis & Synthesis was successful. 0 errors, 3 warnings
    Info: Peak virtual memory: 4886 megabytes
    Info: Processing ended: Wed Jul  3 15:37:31 2024
    Info: Elapsed time: 00:00:22
    Info: Total CPU time (on all processors): 00:00:20


